C:\Program Files\Microsoft Visual Studio\2022\Professional\MSBuild\Microsoft\VC\v170\Microsoft.CppBuild.targets(517,5): warning MSB8004: Output 目录未以斜杠结尾。  此生成实例将添加斜杠，因为必须有这个斜杠才能正确计算 Output 目录。
  TNADriver.cpp
       _Adding library: tna64.lib: release, Win64
  正在启动传递 1
  已处理 /DEFAULTLIB: tna_x64.lib
  已处理 /DEFAULTLIB: msvcprt
  已处理 /DEFAULTLIB: MSVCRT
  已处理 /DEFAULTLIB: OLDNAMES
  正在搜索库
      正在搜索 C:\Program Files (x86)\Windows Kits\10\lib\10.0.22621.0\um\x64\kernel32.lib:
      正在搜索 C:\Program Files (x86)\Windows Kits\10\lib\10.0.22621.0\um\x64\user32.lib:
      正在搜索 C:\Program Files (x86)\Windows Kits\10\lib\10.0.22621.0\um\x64\gdi32.lib:
      正在搜索 C:\Program Files (x86)\Windows Kits\10\lib\10.0.22621.0\um\x64\winspool.lib:
      正在搜索 C:\Program Files (x86)\Windows Kits\10\lib\10.0.22621.0\um\x64\comdlg32.lib:
      正在搜索 C:\Program Files (x86)\Windows Kits\10\lib\10.0.22621.0\um\x64\advapi32.lib:
      正在搜索 C:\Program Files (x86)\Windows Kits\10\lib\10.0.22621.0\um\x64\shell32.lib:
      正在搜索 C:\Program Files (x86)\Windows Kits\10\lib\10.0.22621.0\um\x64\ole32.lib:
      正在搜索 C:\Program Files (x86)\Windows Kits\10\lib\10.0.22621.0\um\x64\oleaut32.lib:
      正在搜索 C:\Program Files (x86)\Windows Kits\10\lib\10.0.22621.0\um\x64\uuid.lib:
      正在搜索 C:\Program Files (x86)\Windows Kits\10\lib\10.0.22621.0\um\x64\odbc32.lib:
      正在搜索 C:\Program Files (x86)\Windows Kits\10\lib\10.0.22621.0\um\x64\odbccp32.lib:
      正在搜索 ..\..\..\bin\x64\tna_x64.lib:
        已找到 "__declspec(dllimport) public: static void __cdecl TNM_FloatFormat::SetFormat(int,int)" (__imp_?SetFormat@TNM_FloatFormat@@SAXHH@Z)
          已在 TNADriver.obj 中引用
          已加载 tna_x64.lib(tnm_x64.dll)
        已找到 "__declspec(dllimport) public: void __cdecl TNM_TAP::SetConv(long double)" (__imp_?SetConv@TNM_TAP@@QEAAXO@Z)
          已在 TNADriver.obj 中引用
          已加载 tna_x64.lib(tnm_x64.dll)
        已找到 "__declspec(dllimport) public: void __cdecl TNM_TAP::SetMaxIter(int)" (__imp_?SetMaxIter@TNM_TAP@@QEAAXH@Z)
          已在 TNADriver.obj 中引用
          已加载 tna_x64.lib(tnm_x64.dll)
        已找到 "__declspec(dllimport) public: int __cdecl TNM_TAP::SetTollType(enum TNM_TOLLTYPE)" (__imp_?SetTollType@TNM_TAP@@QEAAHW4TNM_TOLLTYPE@@@Z)
          已在 TNADriver.obj 中引用
          已加载 tna_x64.lib(tnm_x64.dll)
        已找到 "__declspec(dllimport) public: void __cdecl TNM_TAP::SetCentroidsBlocked(bool)" (__imp_?SetCentroidsBlocked@TNM_TAP@@QEAAX_N@Z)
          已在 TNADriver.obj 中引用
          已加载 tna_x64.lib(tnm_x64.dll)
        已找到 "__declspec(dllimport) public: enum TERMFLAGS __cdecl TNM_TAP::Solve(void)" (__imp_?Solve@TNM_TAP@@QEAA?AW4TERMFLAGS@@XZ)
          已在 TNADriver.obj 中引用
          已加载 tna_x64.lib(tnm_x64.dll)
        已找到 "__declspec(dllimport) public: __cdecl TAP_Greedy::TAP_Greedy(void)" (__imp_??0TAP_Greedy@@QEAA@XZ)
          已在 TNADriver.obj 中引用
          已加载 tna_x64.lib(tnm_x64.dll)
        已找到 "__declspec(dllimport) public: __cdecl TAP_Greedy::~TAP_Greedy(void)" (__imp_??1TAP_Greedy@@QEAA@XZ)
          已在 TNADriver.obj 中引用
          已加载 tna_x64.lib(tnm_x64.dll)
        已找到 "__declspec(dllimport) public: __cdecl TAP_Greedy_dijk::TAP_Greedy_dijk(void)" (__imp_??0TAP_Greedy_dijk@@QEAA@XZ)
          已在 TNADriver.obj 中引用
          已加载 tna_x64.lib(tnm_x64.dll)
        已找到 "__declspec(dllimport) public: __cdecl TAP_Greedy_dijk::~TAP_Greedy_dijk(void)" (__imp_??1TAP_Greedy_dijk@@QEAA@XZ)
          已在 TNADriver.obj 中引用
          已加载 tna_x64.lib(tnm_x64.dll)
        已找到 __IMPORT_DESCRIPTOR_tnm_x64
          已在 tna_x64.lib(tnm_x64.dll) 中引用
          已在 tna_x64.lib(tnm_x64.dll) 中引用
          已在 tna_x64.lib(tnm_x64.dll) 中引用
          已在 tna_x64.lib(tnm_x64.dll) 中引用
          已在 tna_x64.lib(tnm_x64.dll) 中引用
          已在 tna_x64.lib(tnm_x64.dll) 中引用
          已在 tna_x64.lib(tnm_x64.dll) 中引用
          已在 tna_x64.lib(tnm_x64.dll) 中引用
          已在 tna_x64.lib(tnm_x64.dll) 中引用
          已在 tna_x64.lib(tnm_x64.dll) 中引用
          已加载 tna_x64.lib(tnm_x64.dll)
        已找到 __NULL_IMPORT_DESCRIPTOR
          已在 tna_x64.lib(tnm_x64.dll) 中引用
          已加载 tna_x64.lib(tnm_x64.dll)
        已找到 tnm_x64_NULL_THUNK_DATA
          已在 tna_x64.lib(tnm_x64.dll) 中引用
          已加载 tna_x64.lib(tnm_x64.dll)
      正在搜索 C:\Program Files\Microsoft Visual Studio\2022\Professional\VC\Tools\MSVC\14.40.33807\lib\x64\msvcprt.lib:
        已找到 "void __cdecl std::_Xbad_alloc(void)" (?_Xbad_alloc@std@@YAXXZ)
          已在 TNADriver.obj 中引用
          已加载 msvcprt.lib(MSVCP140.dll)
        已找到 "void __cdecl std::_Xlength_error(char const *)" (?_Xlength_error@std@@YAXPEBD@Z)
          已在 TNADriver.obj 中引用
          已加载 msvcprt.lib(MSVCP140.dll)
        已找到 "bool __cdecl std::uncaught_exception(void)" (?uncaught_exception@std@@YA_NXZ)
          已在 TNADriver.obj 中引用
          已加载 msvcprt.lib(MSVCP140.dll)
        已找到 _Mbrtowc
          已在 TNADriver.obj 中引用
          已加载 msvcprt.lib(MSVCP140.dll)
        已找到 "__declspec(dllimport) public: struct _Cvtvec __cdecl std::_Locinfo::_Getcvt(void)const " (__imp_?_Getcvt@_Locinfo@std@@QEBA?AU_Cvtvec@@XZ)
          已在 TNADriver.obj 中引用
          已加载 msvcprt.lib(MSVCP140.dll)
        已找到 "__declspec(dllimport) public: unsigned short const * __cdecl std::_Locinfo::_W_Getdays(void)const " (__imp_?_W_Getdays@_Locinfo@std@@QEBAPEBGXZ)
          已在 TNADriver.obj 中引用
          已加载 msvcprt.lib(MSVCP140.dll)
        已找到 "__declspec(dllimport) public: unsigned short const * __cdecl std::_Locinfo::_W_Getmonths(void)const " (__imp_?_W_Getmonths@_Locinfo@std@@QEBAPEBGXZ)
          已在 TNADriver.obj 中引用
          已加载 msvcprt.lib(MSVCP140.dll)
        已找到 "__declspec(dllimport) public: bool __cdecl std::ios_base::good(void)const " (__imp_?good@ios_base@std@@QEBA_NXZ)
          已在 TNADriver.obj 中引用
          已加载 msvcprt.lib(MSVCP140.dll)
        已找到 "__declspec(dllimport) public: int __cdecl std::ios_base::flags(void)const " (__imp_?flags@ios_base@std@@QEBAHXZ)
          已在 TNADriver.obj 中引用
          已加载 msvcprt.lib(MSVCP140.dll)
        已找到 "__declspec(dllimport) public: __int64 __cdecl std::ios_base::width(void)const " (__imp_?width@ios_base@std@@QEBA_JXZ)
          已在 TNADriver.obj 中引用
          已加载 msvcprt.lib(MSVCP140.dll)
        已找到 "__declspec(dllimport) public: __int64 __cdecl std::ios_base::width(__int64)" (__imp_?width@ios_base@std@@QEAA_J_J@Z)
          已在 TNADriver.obj 中引用
          已加载 msvcprt.lib(MSVCP140.dll)
        已找到 "__declspec(dllimport) public: int __cdecl std::basic_streambuf<char,struct std::char_traits<char> >::sputc(char)" (__imp_?sputc@?$basic_streambuf@DU?$char_traits@D@std@@@std@@QEAAHD@Z)
          已在 TNADriver.obj 中引用
          已加载 msvcprt.lib(MSVCP140.dll)
        已找到 "__declspec(dllimport) public: __int64 __cdecl std::basic_streambuf<char,struct std::char_traits<char> >::sputn(char const *,__int64)" (__imp_?sputn@?$basic_streambuf@DU?$char_traits@D@std@@@std@@QEAA_JPEBD_J@Z)
          已在 TNADriver.obj 中引用
          已加载 msvcprt.lib(MSVCP140.dll)
        已找到 "__declspec(dllimport) public: void __cdecl std::basic_ios<char,struct std::char_traits<char> >::setstate(int,bool)" (__imp_?setstate@?$basic_ios@DU?$char_traits@D@std@@@std@@QEAAXH_N@Z)
          已在 TNADriver.obj 中引用
          已加载 msvcprt.lib(MSVCP140.dll)
        已找到 "__declspec(dllimport) public: class std::basic_ostream<char,struct std::char_traits<char> > * __cdecl std::basic_ios<char,struct std::char_traits<char> >::tie(void)const " (__imp_?tie@?$basic_ios@DU?$char_traits@D@std@@@std@@QEBAPEAV?$basic_ostream@DU?$char_traits@D@std@@@2@XZ)
          已在 TNADriver.obj 中引用
          已加载 msvcprt.lib(MSVCP140.dll)
        已找到 "__declspec(dllimport) public: class std::basic_streambuf<char,struct std::char_traits<char> > * __cdecl std::basic_ios<char,struct std::char_traits<char> >::rdbuf(void)const " (__imp_?rdbuf@?$basic_ios@DU?$char_traits@D@std@@@std@@QEBAPEAV?$basic_streambuf@DU?$char_traits@D@std@@@2@XZ)
          已在 TNADriver.obj 中引用
          已加载 msvcprt.lib(MSVCP140.dll)
        已找到 "__declspec(dllimport) public: char __cdecl std::basic_ios<char,struct std::char_traits<char> >::fill(void)const " (__imp_?fill@?$basic_ios@DU?$char_traits@D@std@@@std@@QEBADXZ)
          已在 TNADriver.obj 中引用
          已加载 msvcprt.lib(MSVCP140.dll)
        已找到 "__declspec(dllimport) public: char __cdecl std::basic_ios<char,struct std::char_traits<char> >::widen(char)const " (__imp_?widen@?$basic_ios@DU?$char_traits@D@std@@@std@@QEBADD@Z)
          已在 TNADriver.obj 中引用
          已加载 msvcprt.lib(MSVCP140.dll)
        已找到 "__declspec(dllimport) public: void __cdecl std::basic_ostream<char,struct std::char_traits<char> >::_Osfx(void)" (__imp_?_Osfx@?$basic_ostream@DU?$char_traits@D@std@@@std@@QEAAXXZ)
          已在 TNADriver.obj 中引用
          已加载 msvcprt.lib(MSVCP140.dll)
        已找到 "__declspec(dllimport) public: class std::basic_ostream<char,struct std::char_traits<char> > & __cdecl std::basic_ostream<char,struct std::char_traits<char> >::operator<<(class std::basic_ostream<char,struct std::char_traits<char> > & (__cdecl*)(class std::basic_ostream<char,struct std::char_traits<char> > &))" (__imp_??6?$basic_ostream@DU?$char_traits@D@std@@@std@@QEAAAEAV01@P6AAEAV01@AEAV01@@Z@Z)
          已在 TNADriver.obj 中引用
          已加载 msvcprt.lib(MSVCP140.dll)
        已找到 "__declspec(dllimport) public: class std::basic_ostream<char,struct std::char_traits<char> > & __cdecl std::basic_ostream<char,struct std::char_traits<char> >::operator<<(long double)" (__imp_??6?$basic_ostream@DU?$char_traits@D@std@@@std@@QEAAAEAV01@O@Z)
          已在 TNADriver.obj 中引用
          已加载 msvcprt.lib(MSVCP140.dll)
        已找到 "__declspec(dllimport) public: class std::basic_ostream<char,struct std::char_traits<char> > & __cdecl std::basic_ostream<char,struct std::char_traits<char> >::put(char)" (__imp_?put@?$basic_ostream@DU?$char_traits@D@std@@@std@@QEAAAEAV12@D@Z)
          已在 TNADriver.obj 中引用
          已加载 msvcprt.lib(MSVCP140.dll)
        已找到 "__declspec(dllimport) public: class std::basic_ostream<char,struct std::char_traits<char> > & __cdecl std::basic_ostream<char,struct std::char_traits<char> >::flush(void)" (__imp_?flush@?$basic_ostream@DU?$char_traits@D@std@@@std@@QEAAAEAV12@XZ)
          已在 TNADriver.obj 中引用
          已加载 msvcprt.lib(MSVCP140.dll)
        已找到 "__declspec(dllimport) class std::basic_ostream<char,struct std::char_traits<char> > std::cout" (__imp_?cout@std@@3V?$basic_ostream@DU?$char_traits@D@std@@@1@A)
          已在 TNADriver.obj 中引用
          已加载 msvcprt.lib(MSVCP140.dll)
        已找到 __IMPORT_DESCRIPTOR_MSVCP140
          已在 msvcprt.lib(MSVCP140.dll) 中引用
          已在 msvcprt.lib(MSVCP140.dll) 中引用
          已在 msvcprt.lib(MSVCP140.dll) 中引用
          已在 msvcprt.lib(MSVCP140.dll) 中引用
          已在 msvcprt.lib(MSVCP140.dll) 中引用
          已在 msvcprt.lib(MSVCP140.dll) 中引用
          已在 msvcprt.lib(MSVCP140.dll) 中引用
          已在 msvcprt.lib(MSVCP140.dll) 中引用
          已在 msvcprt.lib(MSVCP140.dll) 中引用
          已在 msvcprt.lib(MSVCP140.dll) 中引用
          已在 msvcprt.lib(MSVCP140.dll) 中引用
          已在 msvcprt.lib(MSVCP140.dll) 中引用
          已在 msvcprt.lib(MSVCP140.dll) 中引用
          已在 msvcprt.lib(MSVCP140.dll) 中引用
          已在 msvcprt.lib(MSVCP140.dll) 中引用
          已在 msvcprt.lib(MSVCP140.dll) 中引用
          已在 msvcprt.lib(MSVCP140.dll) 中引用
          已在 msvcprt.lib(MSVCP140.dll) 中引用
          已在 msvcprt.lib(MSVCP140.dll) 中引用
          已在 msvcprt.lib(MSVCP140.dll) 中引用
          已在 msvcprt.lib(MSVCP140.dll) 中引用
          已在 msvcprt.lib(MSVCP140.dll) 中引用
          已在 msvcprt.lib(MSVCP140.dll) 中引用
          已在 msvcprt.lib(MSVCP140.dll) 中引用
          已加载 msvcprt.lib(MSVCP140.dll)
        已找到 MSVCP140_NULL_THUNK_DATA
          已在 msvcprt.lib(MSVCP140.dll) 中引用
          已加载 msvcprt.lib(MSVCP140.dll)
      正在搜索 C:\Program Files\Microsoft Visual Studio\2022\Professional\VC\Tools\MSVC\14.40.33807\lib\x64\MSVCRT.lib:
        已找到 "void * __cdecl operator new(unsigned __int64)" (??2@YAPEAX_K@Z)
          已在 TNADriver.obj 中引用
          已加载 MSVCRT.lib(new_scalar.obj)
        已找到 "void __cdecl operator delete(void *,unsigned __int64)" (??3@YAXPEAX_K@Z)
          已在 TNADriver.obj 中引用
          已加载 MSVCRT.lib(delete_scalar_size.obj)
        已找到 __GSHandlerCheck
          已在 TNADriver.obj 中引用
          已加载 MSVCRT.lib(gshandler.obj)
        已找到 __GSHandlerCheck_EH4
          已在 TNADriver.obj 中引用
          已加载 MSVCRT.lib(gshandlereh4.obj)
        已找到 __security_check_cookie
          已在 TNADriver.obj 中引用
          已在 MSVCRT.lib(gshandler.obj) 中引用
          已加载 MSVCRT.lib(amdsecgs.obj)
        已找到 "const type_info::`vftable'" (??_7type_info@@6B@)
          已在 TNADriver.obj 中引用
          已加载 MSVCRT.lib(std_type_info_static.obj)
        已找到 __security_cookie
          已在 TNADriver.obj 中引用
          已在 MSVCRT.lib(amdsecgs.obj) 中引用
          已加载 MSVCRT.lib(gs_cookie.obj)
        已找到 _fltused
          已在 TNADriver.obj 中引用
          已加载 MSVCRT.lib(fltused.obj)
        已找到 mainCRTStartup
          已加载 MSVCRT.lib(exe_main.obj)
        已找到 "void __cdecl __scrt_throw_std_bad_alloc(void)" (?__scrt_throw_std_bad_alloc@@YAXXZ)
          已在 MSVCRT.lib(new_scalar.obj) 中引用
          已加载 MSVCRT.lib(throw_bad_alloc.obj)
        已找到 "void __cdecl operator delete(void *)" (??3@YAXPEAX@Z)
          已在 MSVCRT.lib(delete_scalar_size.obj) 中引用
          已加载 MSVCRT.lib(delete_scalar.obj)
        已找到 __report_gsfailure
          已在 MSVCRT.lib(amdsecgs.obj) 中引用
          已加载 MSVCRT.lib(gs_report.obj)
        已找到 atexit
          已在 MSVCRT.lib(exe_main.obj) 中引用
          已加载 MSVCRT.lib(utility.obj)
        已找到 __security_init_cookie
          已在 MSVCRT.lib(exe_main.obj) 中引用
          已加载 MSVCRT.lib(gs_support.obj)
        已找到 _matherr
          已在 MSVCRT.lib(exe_main.obj) 中引用
          已加载 MSVCRT.lib(matherr.obj)
        已找到 _get_startup_argv_mode
          已在 MSVCRT.lib(exe_main.obj) 中引用
          已在 MSVCRT.lib(utility.obj) 中引用
          已加载 MSVCRT.lib(argv_mode.obj)
        已找到 _get_startup_commit_mode
          已在 MSVCRT.lib(exe_main.obj) 中引用
          已加载 MSVCRT.lib(commit_mode.obj)
        已找到 _get_startup_file_mode
          已在 MSVCRT.lib(exe_main.obj) 中引用
          已加载 MSVCRT.lib(file_mode.obj)
        已找到 _get_startup_new_mode
          已在 MSVCRT.lib(exe_main.obj) 中引用
          已加载 MSVCRT.lib(new_mode.obj)
        已找到 _get_startup_thread_locale_mode
          已在 MSVCRT.lib(exe_main.obj) 中引用
          已加载 MSVCRT.lib(thread_locale.obj)
        已找到 "void __cdecl __scrt_initialize_type_info(void)" (?__scrt_initialize_type_info@@YAXXZ)
          已在 MSVCRT.lib(exe_main.obj) 中引用
          已加载 MSVCRT.lib(tncleanup.obj)
        已找到 _should_initialize_environment
          已在 MSVCRT.lib(exe_main.obj) 中引用
          已加载 MSVCRT.lib(env_mode.obj)
        已找到 _initialize_invalid_parameter_handler
          已在 MSVCRT.lib(exe_main.obj) 中引用
          已加载 MSVCRT.lib(invalid_parameter_handler.obj)
        已找到 _initialize_denormal_control
          已在 MSVCRT.lib(exe_main.obj) 中引用
          已加载 MSVCRT.lib(denormal_control.obj)
        已找到 __scrt_initialize_default_local_stdio_options
          已在 MSVCRT.lib(exe_main.obj) 中引用
          已加载 MSVCRT.lib(default_local_stdio_options.obj)
        已找到 __scrt_is_user_matherr_present
          已在 MSVCRT.lib(exe_main.obj) 中引用
          已加载 MSVCRT.lib(matherr_detection.obj)
        已找到 __scrt_get_dyn_tls_init_callback
          已在 MSVCRT.lib(exe_main.obj) 中引用
          已加载 MSVCRT.lib(dyn_tls_init.obj)
        已找到 __scrt_get_dyn_tls_dtor_callback
          已在 MSVCRT.lib(exe_main.obj) 中引用
          已加载 MSVCRT.lib(dyn_tls_dtor.obj)
        已找到 __scrt_is_managed_app
          已在 MSVCRT.lib(exe_main.obj) 中引用
          已加载 MSVCRT.lib(utility_desktop.obj)
        已找到 _RTC_Initialize
          已在 MSVCRT.lib(exe_main.obj) 中引用
          已加载 MSVCRT.lib(initsect.obj)
        已找到 __xi_a
          已在 MSVCRT.lib(exe_main.obj) 中引用
          已加载 MSVCRT.lib(initializers.obj)
  已处理 /DEFAULTLIB: kernel32.lib
   已处理 /DISALLOWLIB: msvcrtd.lib
   已处理 /DISALLOWLIB: libcmt.lib
   已处理 /DISALLOWLIB: libcmtd.lib
  已处理 /DEFAULTLIB: vcruntime.lib
   已处理 /DISALLOWLIB: vcruntimed.lib
   已处理 /DISALLOWLIB: libvcruntime.lib
   已处理 /DISALLOWLIB: libvcruntimed.lib
  已处理 /DEFAULTLIB: ucrt.lib
   已处理 /DISALLOWLIB: ucrtd.lib
   已处理 /DISALLOWLIB: libucrt.lib
   已处理 /DISALLOWLIB: libucrtd.lib
        已找到 __guard_dispatch_icall_fptr
          已在 MSVCRT.lib(exe_main.obj) 中引用
          已在 MSVCRT.lib(utility.obj) 中引用
          已在 MSVCRT.lib(initsect.obj) 中引用
          已加载 MSVCRT.lib(guard_support.obj)
        已找到 __isa_available_init
          已在 MSVCRT.lib(utility.obj) 中引用
          已加载 MSVCRT.lib(cpu_disp.obj)
        已找到 __scrt_is_ucrt_dll_in_use
          已在 MSVCRT.lib(utility.obj) 中引用
          已加载 MSVCRT.lib(ucrt_detection.obj)
        已找到 _guard_dispatch_icall_nop
          已在 MSVCRT.lib(guard_support.obj) 中引用
          已加载 MSVCRT.lib(guard_dispatch.obj)
        已找到 _guard_xfg_dispatch_icall_nop
          已在 MSVCRT.lib(guard_support.obj) 中引用
          已加载 MSVCRT.lib(guard_xfg_dispatch.obj)
      正在搜索 C:\Program Files\Microsoft Visual Studio\2022\Professional\VC\Tools\MSVC\14.40.33807\lib\x64\OLDNAMES.lib:
      正在搜索 C:\Program Files\Microsoft Visual Studio\2022\Professional\VC\Tools\MSVC\14.40.33807\lib\x64\vcruntime.lib:
        已找到 __std_terminate
          已在 TNADriver.obj 中引用
          已加载 vcruntime.lib(VCRUNTIME140.dll)
        已找到 __std_exception_copy
          已在 TNADriver.obj 中引用
          已在 MSVCRT.lib(throw_bad_alloc.obj) 中引用
          已加载 vcruntime.lib(VCRUNTIME140.dll)
        已找到 __std_exception_destroy
          已在 TNADriver.obj 中引用
          已在 MSVCRT.lib(throw_bad_alloc.obj) 中引用
          已加载 vcruntime.lib(VCRUNTIME140.dll)
        已找到 _CxxThrowException
          已在 TNADriver.obj 中引用
          已在 MSVCRT.lib(throw_bad_alloc.obj) 中引用
          已加载 vcruntime.lib(VCRUNTIME140.dll)
        已找到 __CxxFrameHandler4
          已在 TNADriver.obj 中引用
          已在 MSVCRT.lib(gshandlereh4.obj) 中引用
          已加载 vcruntime.lib(VCRUNTIME140_1.dll)
        已找到 memcpy
          已在 TNADriver.obj 中引用
          已加载 vcruntime.lib(VCRUNTIME140.dll)
        已找到 memmove
          已在 TNADriver.obj 中引用
          已加载 vcruntime.lib(VCRUNTIME140.dll)
        已找到 __C_specific_handler
          已在 MSVCRT.lib(exe_main.obj) 中引用
          已在 MSVCRT.lib(utility.obj) 中引用
          已加载 vcruntime.lib(VCRUNTIME140.dll)
        已找到 __std_type_info_destroy_list
          已在 MSVCRT.lib(tncleanup.obj) 中引用
          已加载 vcruntime.lib(VCRUNTIME140.dll)
        已找到 __current_exception
          已在 MSVCRT.lib(utility_desktop.obj) 中引用
          已加载 vcruntime.lib(VCRUNTIME140.dll)
        已找到 __current_exception_context
          已在 MSVCRT.lib(utility_desktop.obj) 中引用
          已加载 vcruntime.lib(VCRUNTIME140.dll)
        已找到 memset
          已在 MSVCRT.lib(utility_desktop.obj) 中引用
          已加载 vcruntime.lib(VCRUNTIME140.dll)
        已找到 __IMPORT_DESCRIPTOR_VCRUNTIME140
          已在 vcruntime.lib(VCRUNTIME140.dll) 中引用
          已在 vcruntime.lib(VCRUNTIME140.dll) 中引用
          已在 vcruntime.lib(VCRUNTIME140.dll) 中引用
          已在 vcruntime.lib(VCRUNTIME140.dll) 中引用
          已在 vcruntime.lib(VCRUNTIME140.dll) 中引用
          已在 vcruntime.lib(VCRUNTIME140.dll) 中引用
          已在 vcruntime.lib(VCRUNTIME140.dll) 中引用
          已在 vcruntime.lib(VCRUNTIME140.dll) 中引用
          已在 vcruntime.lib(VCRUNTIME140.dll) 中引用
          已在 vcruntime.lib(VCRUNTIME140.dll) 中引用
          已在 vcruntime.lib(VCRUNTIME140.dll) 中引用
          已加载 vcruntime.lib(VCRUNTIME140.dll)
        已找到 __IMPORT_DESCRIPTOR_VCRUNTIME140_1
          已在 vcruntime.lib(VCRUNTIME140_1.dll) 中引用
          已加载 vcruntime.lib(VCRUNTIME140_1.dll)
        已找到 VCRUNTIME140_NULL_THUNK_DATA
          已在 vcruntime.lib(VCRUNTIME140.dll) 中引用
          已加载 vcruntime.lib(VCRUNTIME140.dll)
        已找到 VCRUNTIME140_1_NULL_THUNK_DATA
          已在 vcruntime.lib(VCRUNTIME140_1.dll) 中引用
          已加载 vcruntime.lib(VCRUNTIME140_1.dll)
      正在搜索 C:\Program Files (x86)\Windows Kits\10\lib\10.0.22621.0\ucrt\x64\ucrt.lib:
        已找到 __imp__invalid_parameter_noinfo_noreturn
          已在 TNADriver.obj 中引用
          已加载 ucrt.lib(api-ms-win-crt-runtime-l1-1-0.dll)
        已找到 __imp_calloc
          已在 TNADriver.obj 中引用
          已加载 ucrt.lib(api-ms-win-crt-heap-l1-1-0.dll)
        已找到 __imp_system
          已在 TNADriver.obj 中引用
          已加载 ucrt.lib(api-ms-win-crt-runtime-l1-1-0.dll)
        已找到 _callnewh
          已在 MSVCRT.lib(new_scalar.obj) 中引用
          已加载 ucrt.lib(api-ms-win-crt-heap-l1-1-0.dll)
        已找到 malloc
          已在 MSVCRT.lib(new_scalar.obj) 中引用
          已加载 ucrt.lib(api-ms-win-crt-heap-l1-1-0.dll)
        已找到 _seh_filter_exe
          已在 MSVCRT.lib(exe_main.obj) 中引用
          已加载 ucrt.lib(api-ms-win-crt-runtime-l1-1-0.dll)
        已找到 _set_app_type
          已在 MSVCRT.lib(exe_main.obj) 中引用
          已加载 ucrt.lib(api-ms-win-crt-runtime-l1-1-0.dll)
        已找到 __setusermatherr
          已在 MSVCRT.lib(exe_main.obj) 中引用
          已加载 ucrt.lib(api-ms-win-crt-math-l1-1-0.dll)
        已找到 _configure_narrow_argv
          已在 MSVCRT.lib(exe_main.obj) 中引用
          已在 MSVCRT.lib(utility.obj) 中引用
          已加载 ucrt.lib(api-ms-win-crt-runtime-l1-1-0.dll)
        已找到 _initialize_narrow_environment
          已在 MSVCRT.lib(exe_main.obj) 中引用
          已在 MSVCRT.lib(utility.obj) 中引用
          已加载 ucrt.lib(api-ms-win-crt-runtime-l1-1-0.dll)
        已找到 _get_initial_narrow_environment
          已在 MSVCRT.lib(exe_main.obj) 中引用
          已加载 ucrt.lib(api-ms-win-crt-runtime-l1-1-0.dll)
        已找到 _initterm
          已在 MSVCRT.lib(exe_main.obj) 中引用
          已加载 ucrt.lib(api-ms-win-crt-runtime-l1-1-0.dll)
        已找到 _initterm_e
          已在 MSVCRT.lib(exe_main.obj) 中引用
          已加载 ucrt.lib(api-ms-win-crt-runtime-l1-1-0.dll)
        已找到 exit
          已在 MSVCRT.lib(exe_main.obj) 中引用
          已加载 ucrt.lib(api-ms-win-crt-runtime-l1-1-0.dll)
        已找到 _exit
          已在 MSVCRT.lib(exe_main.obj) 中引用
          已加载 ucrt.lib(api-ms-win-crt-runtime-l1-1-0.dll)
        已找到 _set_fmode
          已在 MSVCRT.lib(exe_main.obj) 中引用
          已加载 ucrt.lib(api-ms-win-crt-stdio-l1-1-0.dll)
        已找到 __p___argc
          已在 MSVCRT.lib(exe_main.obj) 中引用
          已加载 ucrt.lib(api-ms-win-crt-runtime-l1-1-0.dll)
        已找到 __p___argv
          已在 MSVCRT.lib(exe_main.obj) 中引用
          已加载 ucrt.lib(api-ms-win-crt-runtime-l1-1-0.dll)
        已找到 _cexit
          已在 MSVCRT.lib(exe_main.obj) 中引用
          已在 MSVCRT.lib(utility.obj) 中引用
          已加载 ucrt.lib(api-ms-win-crt-runtime-l1-1-0.dll)
        已找到 _c_exit
          已在 MSVCRT.lib(exe_main.obj) 中引用
          已加载 ucrt.lib(api-ms-win-crt-runtime-l1-1-0.dll)
        已找到 _register_thread_local_exe_atexit_callback
          已在 MSVCRT.lib(exe_main.obj) 中引用
          已加载 ucrt.lib(api-ms-win-crt-runtime-l1-1-0.dll)
        已找到 _configthreadlocale
          已在 MSVCRT.lib(exe_main.obj) 中引用
          已加载 ucrt.lib(api-ms-win-crt-locale-l1-1-0.dll)
        已找到 _set_new_mode
          已在 MSVCRT.lib(exe_main.obj) 中引用
          已加载 ucrt.lib(api-ms-win-crt-heap-l1-1-0.dll)
        已找到 __p__commode
          已在 MSVCRT.lib(exe_main.obj) 中引用
          已加载 ucrt.lib(api-ms-win-crt-stdio-l1-1-0.dll)
        已找到 free
          已在 MSVCRT.lib(delete_scalar.obj) 中引用
          已加载 ucrt.lib(api-ms-win-crt-heap-l1-1-0.dll)
        已找到 _seh_filter_dll
          已在 MSVCRT.lib(utility.obj) 中引用
          已加载 ucrt.lib(api-ms-win-crt-runtime-l1-1-0.dll)
        已找到 _initialize_onexit_table
          已在 MSVCRT.lib(utility.obj) 中引用
          已加载 ucrt.lib(api-ms-win-crt-runtime-l1-1-0.dll)
        已找到 _register_onexit_function
          已在 MSVCRT.lib(utility.obj) 中引用
          已加载 ucrt.lib(api-ms-win-crt-runtime-l1-1-0.dll)
        已找到 _execute_onexit_table
          已在 MSVCRT.lib(utility.obj) 中引用
          已加载 ucrt.lib(api-ms-win-crt-runtime-l1-1-0.dll)
        已找到 _crt_atexit
          已在 MSVCRT.lib(utility.obj) 中引用
          已加载 ucrt.lib(api-ms-win-crt-runtime-l1-1-0.dll)
        已找到 _crt_at_quick_exit
          已在 MSVCRT.lib(utility.obj) 中引用
          已加载 ucrt.lib(api-ms-win-crt-runtime-l1-1-0.dll)
        已找到 terminate
          已在 MSVCRT.lib(utility_desktop.obj) 中引用
          已加载 ucrt.lib(api-ms-win-crt-runtime-l1-1-0.dll)
        已找到 __IMPORT_DESCRIPTOR_api-ms-win-crt-runtime-l1-1-0
          已在 ucrt.lib(api-ms-win-crt-runtime-l1-1-0.dll) 中引用
          已在 ucrt.lib(api-ms-win-crt-runtime-l1-1-0.dll) 中引用
          已在 ucrt.lib(api-ms-win-crt-runtime-l1-1-0.dll) 中引用
          已在 ucrt.lib(api-ms-win-crt-runtime-l1-1-0.dll) 中引用
          已在 ucrt.lib(api-ms-win-crt-runtime-l1-1-0.dll) 中引用
          已在 ucrt.lib(api-ms-win-crt-runtime-l1-1-0.dll) 中引用
          已在 ucrt.lib(api-ms-win-crt-runtime-l1-1-0.dll) 中引用
          已在 ucrt.lib(api-ms-win-crt-runtime-l1-1-0.dll) 中引用
          已在 ucrt.lib(api-ms-win-crt-runtime-l1-1-0.dll) 中引用
          已在 ucrt.lib(api-ms-win-crt-runtime-l1-1-0.dll) 中引用
          已在 ucrt.lib(api-ms-win-crt-runtime-l1-1-0.dll) 中引用
          已在 ucrt.lib(api-ms-win-crt-runtime-l1-1-0.dll) 中引用
          已在 ucrt.lib(api-ms-win-crt-runtime-l1-1-0.dll) 中引用
          已在 ucrt.lib(api-ms-win-crt-runtime-l1-1-0.dll) 中引用
          已在 ucrt.lib(api-ms-win-crt-runtime-l1-1-0.dll) 中引用
          已在 ucrt.lib(api-ms-win-crt-runtime-l1-1-0.dll) 中引用
          已在 ucrt.lib(api-ms-win-crt-runtime-l1-1-0.dll) 中引用
          已在 ucrt.lib(api-ms-win-crt-runtime-l1-1-0.dll) 中引用
          已在 ucrt.lib(api-ms-win-crt-runtime-l1-1-0.dll) 中引用
          已在 ucrt.lib(api-ms-win-crt-runtime-l1-1-0.dll) 中引用
          已在 ucrt.lib(api-ms-win-crt-runtime-l1-1-0.dll) 中引用
          已在 ucrt.lib(api-ms-win-crt-runtime-l1-1-0.dll) 中引用
          已在 ucrt.lib(api-ms-win-crt-runtime-l1-1-0.dll) 中引用
          已加载 ucrt.lib(api-ms-win-crt-runtime-l1-1-0.dll)
        已找到 __IMPORT_DESCRIPTOR_api-ms-win-crt-heap-l1-1-0
          已在 ucrt.lib(api-ms-win-crt-heap-l1-1-0.dll) 中引用
          已在 ucrt.lib(api-ms-win-crt-heap-l1-1-0.dll) 中引用
          已在 ucrt.lib(api-ms-win-crt-heap-l1-1-0.dll) 中引用
          已在 ucrt.lib(api-ms-win-crt-heap-l1-1-0.dll) 中引用
          已在 ucrt.lib(api-ms-win-crt-heap-l1-1-0.dll) 中引用
          已加载 ucrt.lib(api-ms-win-crt-heap-l1-1-0.dll)
        已找到 __IMPORT_DESCRIPTOR_api-ms-win-crt-math-l1-1-0
          已在 ucrt.lib(api-ms-win-crt-math-l1-1-0.dll) 中引用
          已加载 ucrt.lib(api-ms-win-crt-math-l1-1-0.dll)
        已找到 __IMPORT_DESCRIPTOR_api-ms-win-crt-stdio-l1-1-0
          已在 ucrt.lib(api-ms-win-crt-stdio-l1-1-0.dll) 中引用
          已在 ucrt.lib(api-ms-win-crt-stdio-l1-1-0.dll) 中引用
          已加载 ucrt.lib(api-ms-win-crt-stdio-l1-1-0.dll)
        已找到 __IMPORT_DESCRIPTOR_api-ms-win-crt-locale-l1-1-0
          已在 ucrt.lib(api-ms-win-crt-locale-l1-1-0.dll) 中引用
          已加载 ucrt.lib(api-ms-win-crt-locale-l1-1-0.dll)
        已找到 api-ms-win-crt-runtime-l1-1-0_NULL_THUNK_DATA
          已在 ucrt.lib(api-ms-win-crt-runtime-l1-1-0.dll) 中引用
          已加载 ucrt.lib(api-ms-win-crt-runtime-l1-1-0.dll)
        已找到 api-ms-win-crt-heap-l1-1-0_NULL_THUNK_DATA
          已在 ucrt.lib(api-ms-win-crt-heap-l1-1-0.dll) 中引用
          已加载 ucrt.lib(api-ms-win-crt-heap-l1-1-0.dll)
        已找到 api-ms-win-crt-math-l1-1-0_NULL_THUNK_DATA
          已在 ucrt.lib(api-ms-win-crt-math-l1-1-0.dll) 中引用
          已加载 ucrt.lib(api-ms-win-crt-math-l1-1-0.dll)
        已找到 api-ms-win-crt-stdio-l1-1-0_NULL_THUNK_DATA
          已在 ucrt.lib(api-ms-win-crt-stdio-l1-1-0.dll) 中引用
          已加载 ucrt.lib(api-ms-win-crt-stdio-l1-1-0.dll)
        已找到 api-ms-win-crt-locale-l1-1-0_NULL_THUNK_DATA
          已在 ucrt.lib(api-ms-win-crt-locale-l1-1-0.dll) 中引用
          已加载 ucrt.lib(api-ms-win-crt-locale-l1-1-0.dll)
      正在搜索 C:\Program Files (x86)\Windows Kits\10\lib\10.0.22621.0\um\x64\kernel32.lib:
        已找到 __imp_RtlCaptureContext
          已在 MSVCRT.lib(gs_report.obj) 中引用
          已在 MSVCRT.lib(utility_desktop.obj) 中引用
          已加载 kernel32.lib(KERNEL32.dll)
        已找到 __imp_RtlLookupFunctionEntry
          已在 MSVCRT.lib(gs_report.obj) 中引用
          已在 MSVCRT.lib(utility_desktop.obj) 中引用
          已加载 kernel32.lib(KERNEL32.dll)
        已找到 __imp_RtlVirtualUnwind
          已在 MSVCRT.lib(gs_report.obj) 中引用
          已在 MSVCRT.lib(utility_desktop.obj) 中引用
          已加载 kernel32.lib(KERNEL32.dll)
        已找到 __imp_UnhandledExceptionFilter
          已在 MSVCRT.lib(gs_report.obj) 中引用
          已在 MSVCRT.lib(utility_desktop.obj) 中引用
          已加载 kernel32.lib(KERNEL32.dll)
        已找到 __imp_SetUnhandledExceptionFilter
          已在 MSVCRT.lib(gs_report.obj) 中引用
          已在 MSVCRT.lib(utility_desktop.obj) 中引用
          已加载 kernel32.lib(KERNEL32.dll)
        已找到 __imp_GetCurrentProcess
          已在 MSVCRT.lib(gs_report.obj) 中引用
          已加载 kernel32.lib(KERNEL32.dll)
        已找到 __imp_TerminateProcess
          已在 MSVCRT.lib(gs_report.obj) 中引用
          已加载 kernel32.lib(KERNEL32.dll)
        已找到 __imp_IsProcessorFeaturePresent
          已在 MSVCRT.lib(gs_report.obj) 中引用
          已在 MSVCRT.lib(utility_desktop.obj) 中引用
          已加载 kernel32.lib(KERNEL32.dll)
        已找到 __imp_QueryPerformanceCounter
          已在 MSVCRT.lib(gs_support.obj) 中引用
          已加载 kernel32.lib(KERNEL32.dll)
        已找到 __imp_GetCurrentProcessId
          已在 MSVCRT.lib(gs_support.obj) 中引用
          已加载 kernel32.lib(KERNEL32.dll)
        已找到 __imp_GetCurrentThreadId
          已在 MSVCRT.lib(gs_support.obj) 中引用
          已加载 kernel32.lib(KERNEL32.dll)
        已找到 __imp_GetSystemTimeAsFileTime
          已在 MSVCRT.lib(gs_support.obj) 中引用
          已加载 kernel32.lib(KERNEL32.dll)
        已找到 __imp_InitializeSListHead
          已在 MSVCRT.lib(tncleanup.obj) 中引用
          已加载 kernel32.lib(KERNEL32.dll)
        已找到 __imp_IsDebuggerPresent
          已在 MSVCRT.lib(utility_desktop.obj) 中引用
          已加载 kernel32.lib(KERNEL32.dll)
        已找到 __imp_GetStartupInfoW
          已在 MSVCRT.lib(utility_desktop.obj) 中引用
          已加载 kernel32.lib(KERNEL32.dll)
        已找到 __imp_GetModuleHandleW
          已在 MSVCRT.lib(utility_desktop.obj) 中引用
          已加载 kernel32.lib(KERNEL32.dll)
        已找到 __IMPORT_DESCRIPTOR_KERNEL32
          已在 kernel32.lib(KERNEL32.dll) 中引用
          已在 kernel32.lib(KERNEL32.dll) 中引用
          已在 kernel32.lib(KERNEL32.dll) 中引用
          已在 kernel32.lib(KERNEL32.dll) 中引用
          已在 kernel32.lib(KERNEL32.dll) 中引用
          已在 kernel32.lib(KERNEL32.dll) 中引用
          已在 kernel32.lib(KERNEL32.dll) 中引用
          已在 kernel32.lib(KERNEL32.dll) 中引用
          已在 kernel32.lib(KERNEL32.dll) 中引用
          已在 kernel32.lib(KERNEL32.dll) 中引用
          已在 kernel32.lib(KERNEL32.dll) 中引用
          已在 kernel32.lib(KERNEL32.dll) 中引用
          已在 kernel32.lib(KERNEL32.dll) 中引用
          已在 kernel32.lib(KERNEL32.dll) 中引用
          已在 kernel32.lib(KERNEL32.dll) 中引用
          已在 kernel32.lib(KERNEL32.dll) 中引用
          已加载 kernel32.lib(KERNEL32.dll)
        已找到 KERNEL32_NULL_THUNK_DATA
          已在 kernel32.lib(KERNEL32.dll) 中引用
          已加载 kernel32.lib(KERNEL32.dll)
      正在搜索 C:\Program Files (x86)\Windows Kits\10\lib\10.0.22621.0\um\x64\user32.lib:
      正在搜索 C:\Program Files (x86)\Windows Kits\10\lib\10.0.22621.0\um\x64\gdi32.lib:
      正在搜索 C:\Program Files (x86)\Windows Kits\10\lib\10.0.22621.0\um\x64\winspool.lib:
      正在搜索 C:\Program Files (x86)\Windows Kits\10\lib\10.0.22621.0\um\x64\comdlg32.lib:
      正在搜索 C:\Program Files (x86)\Windows Kits\10\lib\10.0.22621.0\um\x64\advapi32.lib:
      正在搜索 C:\Program Files (x86)\Windows Kits\10\lib\10.0.22621.0\um\x64\shell32.lib:
      正在搜索 C:\Program Files (x86)\Windows Kits\10\lib\10.0.22621.0\um\x64\ole32.lib:
      正在搜索 C:\Program Files (x86)\Windows Kits\10\lib\10.0.22621.0\um\x64\oleaut32.lib:
      正在搜索 C:\Program Files (x86)\Windows Kits\10\lib\10.0.22621.0\um\x64\uuid.lib:
      正在搜索 C:\Program Files (x86)\Windows Kits\10\lib\10.0.22621.0\um\x64\odbc32.lib:
      正在搜索 C:\Program Files (x86)\Windows Kits\10\lib\10.0.22621.0\um\x64\odbccp32.lib:
      正在搜索 ..\..\..\bin\x64\tna_x64.lib:
      正在搜索 C:\Program Files\Microsoft Visual Studio\2022\Professional\VC\Tools\MSVC\14.40.33807\lib\x64\msvcprt.lib:
      正在搜索 C:\Program Files\Microsoft Visual Studio\2022\Professional\VC\Tools\MSVC\14.40.33807\lib\x64\MSVCRT.lib:
      正在搜索 C:\Program Files\Microsoft Visual Studio\2022\Professional\VC\Tools\MSVC\14.40.33807\lib\x64\OLDNAMES.lib:
      正在搜索 C:\Program Files\Microsoft Visual Studio\2022\Professional\VC\Tools\MSVC\14.40.33807\lib\x64\vcruntime.lib:
      正在搜索 C:\Program Files (x86)\Windows Kits\10\lib\10.0.22621.0\ucrt\x64\ucrt.lib:
  已完成库搜索
  正在搜索库
      正在搜索 C:\Program Files (x86)\Windows Kits\10\lib\10.0.22621.0\um\x64\kernel32.lib:
      正在搜索 C:\Program Files (x86)\Windows Kits\10\lib\10.0.22621.0\um\x64\user32.lib:
      正在搜索 C:\Program Files (x86)\Windows Kits\10\lib\10.0.22621.0\um\x64\gdi32.lib:
      正在搜索 C:\Program Files (x86)\Windows Kits\10\lib\10.0.22621.0\um\x64\winspool.lib:
      正在搜索 C:\Program Files (x86)\Windows Kits\10\lib\10.0.22621.0\um\x64\comdlg32.lib:
      正在搜索 C:\Program Files (x86)\Windows Kits\10\lib\10.0.22621.0\um\x64\advapi32.lib:
      正在搜索 C:\Program Files (x86)\Windows Kits\10\lib\10.0.22621.0\um\x64\shell32.lib:
      正在搜索 C:\Program Files (x86)\Windows Kits\10\lib\10.0.22621.0\um\x64\ole32.lib:
      正在搜索 C:\Program Files (x86)\Windows Kits\10\lib\10.0.22621.0\um\x64\oleaut32.lib:
      正在搜索 C:\Program Files (x86)\Windows Kits\10\lib\10.0.22621.0\um\x64\uuid.lib:
      正在搜索 C:\Program Files (x86)\Windows Kits\10\lib\10.0.22621.0\um\x64\odbc32.lib:
      正在搜索 C:\Program Files (x86)\Windows Kits\10\lib\10.0.22621.0\um\x64\odbccp32.lib:
      正在搜索 ..\..\..\bin\x64\tna_x64.lib:
      正在搜索 C:\Program Files\Microsoft Visual Studio\2022\Professional\VC\Tools\MSVC\14.40.33807\lib\x64\msvcprt.lib:
      正在搜索 C:\Program Files\Microsoft Visual Studio\2022\Professional\VC\Tools\MSVC\14.40.33807\lib\x64\MSVCRT.lib:
        已找到 __scrt_stub_for_acrt_initialize
          已加载 MSVCRT.lib(ucrt_stubs.obj)
      正在搜索 C:\Program Files\Microsoft Visual Studio\2022\Professional\VC\Tools\MSVC\14.40.33807\lib\x64\OLDNAMES.lib:
      正在搜索 C:\Program Files\Microsoft Visual Studio\2022\Professional\VC\Tools\MSVC\14.40.33807\lib\x64\vcruntime.lib:
      正在搜索 C:\Program Files (x86)\Windows Kits\10\lib\10.0.22621.0\ucrt\x64\ucrt.lib:
  已完成库搜索
  正在搜索库
      正在搜索 C:\Program Files (x86)\Windows Kits\10\lib\10.0.22621.0\um\x64\kernel32.lib:
      正在搜索 C:\Program Files (x86)\Windows Kits\10\lib\10.0.22621.0\um\x64\user32.lib:
      正在搜索 C:\Program Files (x86)\Windows Kits\10\lib\10.0.22621.0\um\x64\gdi32.lib:
      正在搜索 C:\Program Files (x86)\Windows Kits\10\lib\10.0.22621.0\um\x64\winspool.lib:
      正在搜索 C:\Program Files (x86)\Windows Kits\10\lib\10.0.22621.0\um\x64\comdlg32.lib:
      正在搜索 C:\Program Files (x86)\Windows Kits\10\lib\10.0.22621.0\um\x64\advapi32.lib:
      正在搜索 C:\Program Files (x86)\Windows Kits\10\lib\10.0.22621.0\um\x64\shell32.lib:
      正在搜索 C:\Program Files (x86)\Windows Kits\10\lib\10.0.22621.0\um\x64\ole32.lib:
      正在搜索 C:\Program Files (x86)\Windows Kits\10\lib\10.0.22621.0\um\x64\oleaut32.lib:
      正在搜索 C:\Program Files (x86)\Windows Kits\10\lib\10.0.22621.0\um\x64\uuid.lib:
      正在搜索 C:\Program Files (x86)\Windows Kits\10\lib\10.0.22621.0\um\x64\odbc32.lib:
      正在搜索 C:\Program Files (x86)\Windows Kits\10\lib\10.0.22621.0\um\x64\odbccp32.lib:
      正在搜索 ..\..\..\bin\x64\tna_x64.lib:
      正在搜索 C:\Program Files\Microsoft Visual Studio\2022\Professional\VC\Tools\MSVC\14.40.33807\lib\x64\msvcprt.lib:
      正在搜索 C:\Program Files\Microsoft Visual Studio\2022\Professional\VC\Tools\MSVC\14.40.33807\lib\x64\MSVCRT.lib:
      正在搜索 C:\Program Files\Microsoft Visual Studio\2022\Professional\VC\Tools\MSVC\14.40.33807\lib\x64\OLDNAMES.lib:
      正在搜索 C:\Program Files\Microsoft Visual Studio\2022\Professional\VC\Tools\MSVC\14.40.33807\lib\x64\vcruntime.lib:
      正在搜索 C:\Program Files (x86)\Windows Kits\10\lib\10.0.22621.0\ucrt\x64\ucrt.lib:
  已完成库搜索
  正在搜索库
      正在搜索 C:\Program Files (x86)\Windows Kits\10\lib\10.0.22621.0\um\x64\kernel32.lib:
      正在搜索 C:\Program Files (x86)\Windows Kits\10\lib\10.0.22621.0\um\x64\user32.lib:
      正在搜索 C:\Program Files (x86)\Windows Kits\10\lib\10.0.22621.0\um\x64\gdi32.lib:
      正在搜索 C:\Program Files (x86)\Windows Kits\10\lib\10.0.22621.0\um\x64\winspool.lib:
      正在搜索 C:\Program Files (x86)\Windows Kits\10\lib\10.0.22621.0\um\x64\comdlg32.lib:
      正在搜索 C:\Program Files (x86)\Windows Kits\10\lib\10.0.22621.0\um\x64\advapi32.lib:
      正在搜索 C:\Program Files (x86)\Windows Kits\10\lib\10.0.22621.0\um\x64\shell32.lib:
      正在搜索 C:\Program Files (x86)\Windows Kits\10\lib\10.0.22621.0\um\x64\ole32.lib:
      正在搜索 C:\Program Files (x86)\Windows Kits\10\lib\10.0.22621.0\um\x64\oleaut32.lib:
      正在搜索 C:\Program Files (x86)\Windows Kits\10\lib\10.0.22621.0\um\x64\uuid.lib:
      正在搜索 C:\Program Files (x86)\Windows Kits\10\lib\10.0.22621.0\um\x64\odbc32.lib:
      正在搜索 C:\Program Files (x86)\Windows Kits\10\lib\10.0.22621.0\um\x64\odbccp32.lib:
      正在搜索 ..\..\..\bin\x64\tna_x64.lib:
      正在搜索 C:\Program Files\Microsoft Visual Studio\2022\Professional\VC\Tools\MSVC\14.40.33807\lib\x64\msvcprt.lib:
      正在搜索 C:\Program Files\Microsoft Visual Studio\2022\Professional\VC\Tools\MSVC\14.40.33807\lib\x64\MSVCRT.lib:
      正在搜索 C:\Program Files\Microsoft Visual Studio\2022\Professional\VC\Tools\MSVC\14.40.33807\lib\x64\OLDNAMES.lib:
      正在搜索 C:\Program Files\Microsoft Visual Studio\2022\Professional\VC\Tools\MSVC\14.40.33807\lib\x64\vcruntime.lib:
      正在搜索 C:\Program Files (x86)\Windows Kits\10\lib\10.0.22621.0\ucrt\x64\ucrt.lib:
  已完成库搜索
  已完成传递 1
  正在搜索库
      正在搜索 C:\Program Files (x86)\Windows Kits\10\lib\10.0.22621.0\um\x64\kernel32.lib:
      正在搜索 C:\Program Files (x86)\Windows Kits\10\lib\10.0.22621.0\um\x64\user32.lib:
      正在搜索 C:\Program Files (x86)\Windows Kits\10\lib\10.0.22621.0\um\x64\gdi32.lib:
      正在搜索 C:\Program Files (x86)\Windows Kits\10\lib\10.0.22621.0\um\x64\winspool.lib:
      正在搜索 C:\Program Files (x86)\Windows Kits\10\lib\10.0.22621.0\um\x64\comdlg32.lib:
      正在搜索 C:\Program Files (x86)\Windows Kits\10\lib\10.0.22621.0\um\x64\advapi32.lib:
      正在搜索 C:\Program Files (x86)\Windows Kits\10\lib\10.0.22621.0\um\x64\shell32.lib:
      正在搜索 C:\Program Files (x86)\Windows Kits\10\lib\10.0.22621.0\um\x64\ole32.lib:
      正在搜索 C:\Program Files (x86)\Windows Kits\10\lib\10.0.22621.0\um\x64\oleaut32.lib:
      正在搜索 C:\Program Files (x86)\Windows Kits\10\lib\10.0.22621.0\um\x64\uuid.lib:
      正在搜索 C:\Program Files (x86)\Windows Kits\10\lib\10.0.22621.0\um\x64\odbc32.lib:
      正在搜索 C:\Program Files (x86)\Windows Kits\10\lib\10.0.22621.0\um\x64\odbccp32.lib:
      正在搜索 ..\..\..\bin\x64\tna_x64.lib:
      正在搜索 C:\Program Files\Microsoft Visual Studio\2022\Professional\VC\Tools\MSVC\14.40.33807\lib\x64\msvcprt.lib:
      正在搜索 C:\Program Files\Microsoft Visual Studio\2022\Professional\VC\Tools\MSVC\14.40.33807\lib\x64\MSVCRT.lib:
        已找到 _load_config_used
          已加载 MSVCRT.lib(loadcfg.obj)
      正在搜索 C:\Program Files\Microsoft Visual Studio\2022\Professional\VC\Tools\MSVC\14.40.33807\lib\x64\OLDNAMES.lib:
      正在搜索 C:\Program Files\Microsoft Visual Studio\2022\Professional\VC\Tools\MSVC\14.40.33807\lib\x64\vcruntime.lib:
        已找到 __guard_memcpy_fptr
          已在 MSVCRT.lib(loadcfg.obj) 中引用
          已加载 vcruntime.lib(softmemtag.obj)
  已完成库搜索
  正在调用 rc.exe:
   /v
   /x
   /fo
   "C:\Users\86131\AppData\Local\Temp\lnk{9E39BEB0-6405-49C0-B92C-EC299829E969}.tmp"
   "C:\Users\86131\AppData\Local\Temp\lnk{05A70C11-B87A-43D0-AA3B-C85B1D44BD7A}.tmp"
  Microsoft (R) Windows (R) Resource Compiler Version 10.0.10011.16384
  
  Copyright (C) Microsoft Corporation.  All rights reserved.
  
  
  Using codepage 936 as default
  Creating C:\Users\86131\AppData\Local\Temp\lnk{9E39BEB0-6405-49C0-B92C-EC299829E969}.tmp
  
  
  C:\Users\86131\AppData\Local\Temp\lnk{05A70C11-B87A-43D0-AA3B-C85B1D44BD7A}.tmp.
  Writing 24:1,	lang:0x409,	size 381
  正在调用 cvtres.exe:
   /machine:amd64
   /verbose
   /out:"C:\Users\86131\AppData\Local\Temp\lnk{E01EC841-11FA-4EC3-83F0-83A4F718A782}.tmp"
   /readonly
   "C:\Users\86131\AppData\Local\Temp\lnk{9E39BEB0-6405-49C0-B92C-EC299829E969}.tmp"
  Microsoft(R) Windows Resource To Object Converter 版本 14.40.33811.0
  版权所有 (C) Microsoft Corporation。保留所有权利。
  
  正在添加资源。类型: MANIFEST，名称: 1，语言: 0x0409，标记: 0x30，大小: 381
  未使用的库:
    C:\Program Files (x86)\Windows Kits\10\lib\10.0.22621.0\um\x64\user32.lib
    C:\Program Files (x86)\Windows Kits\10\lib\10.0.22621.0\um\x64\gdi32.lib
    C:\Program Files (x86)\Windows Kits\10\lib\10.0.22621.0\um\x64\winspool.lib
    C:\Program Files (x86)\Windows Kits\10\lib\10.0.22621.0\um\x64\comdlg32.lib
    C:\Program Files (x86)\Windows Kits\10\lib\10.0.22621.0\um\x64\advapi32.lib
    C:\Program Files (x86)\Windows Kits\10\lib\10.0.22621.0\um\x64\shell32.lib
    C:\Program Files (x86)\Windows Kits\10\lib\10.0.22621.0\um\x64\ole32.lib
    C:\Program Files (x86)\Windows Kits\10\lib\10.0.22621.0\um\x64\oleaut32.lib
    C:\Program Files (x86)\Windows Kits\10\lib\10.0.22621.0\um\x64\uuid.lib
    C:\Program Files (x86)\Windows Kits\10\lib\10.0.22621.0\um\x64\odbc32.lib
    C:\Program Files (x86)\Windows Kits\10\lib\10.0.22621.0\um\x64\odbccp32.lib
    C:\Program Files\Microsoft Visual Studio\2022\Professional\VC\Tools\MSVC\14.40.33807\lib\x64\OLDNAMES.lib
      已丢弃 "`string'" (??_C@_07DNJEHIIO@_Greedy@)(从 TNADriver.obj 中)
      已丢弃 "`string'" (??_C@_1BK@MHIKGOKE@?$AA?3?$AAA?$AAM?$AA?3?$AAa?$AAm?$AA?3?$AAP?$AAM?$AA?3?$AAp?$AAm@)(从 TNADriver.obj 中)
      已丢弃 __real@3ddb7cdfd9d7bdbb(从 TNADriver.obj 中)
      已丢弃 __CastGuardVftablesStart(从 MSVCRT.lib(guard_support.obj) 中)
      已丢弃 __CastGuardVftablesEnd(从 MSVCRT.lib(guard_support.obj) 中)
      已丢弃 $unwind$?_Maklocwcs@std@@YAPEA_WPEB_W@Z(从 TNADriver.obj 中)
      已丢弃 $unwind$??$_Getvals@_W@?$time_get@DV?$istreambuf_iterator@DU?$char_traits@D@std@@@std@@@std@@IEAAX_WAEBV_Locinfo@1@@Z(从 TNADriver.obj 中)
      已丢弃 $unwind$??$_Getvals@_W@?$time_get@_WV?$istreambuf_iterator@_WU?$char_traits@_W@std@@@std@@@std@@IEAAX_WAEBV_Locinfo@1@@Z(从 TNADriver.obj 中)
      已丢弃 $unwind$?TestGreedy@@YAHAEBV?$basic_string@DU?$char_traits@D@std@@V?$allocator@D@2@@std@@0@Z(从 TNADriver.obj 中)
      已丢弃 $cppxdata$?TestGreedy@@YAHAEBV?$basic_string@DU?$char_traits@D@std@@V?$allocator@D@2@@std@@0@Z(从 TNADriver.obj 中)
      已丢弃 $stateUnwindMap$?TestGreedy@@YAHAEBV?$basic_string@DU?$char_traits@D@std@@V?$allocator@D@2@@std@@0@Z(从 TNADriver.obj 中)
      已丢弃 $ip2state$?TestGreedy@@YAHAEBV?$basic_string@DU?$char_traits@D@std@@V?$allocator@D@2@@std@@0@Z(从 TNADriver.obj 中)
      已丢弃 $unwind$?dtor$0@?0??TestGreedy@@YAHAEBV?$basic_string@DU?$char_traits@D@std@@V?$allocator@D@2@@std@@0@Z@4HA(从 TNADriver.obj 中)
      已丢弃 $unwind$??$_Maklocstr@D@std@@YAPEADPEBDPEADAEBU_Cvtvec@@@Z(从 TNADriver.obj 中)
      已丢弃 $unwind$??$_Allocate_manually_vector_aligned@U_Default_allocate_traits@std@@@std@@YAPEAX_K@Z(从 TNADriver.obj 中)
      已丢弃 $unwind$__GSHandlerCheck(从 MSVCRT.lib(gshandler.obj) 中)
      已丢弃 $unwind$?configure_argv@__scrt_narrow_argv_policy@@SAHXZ(从 MSVCRT.lib(exe_main.obj) 中)
      已丢弃 $unwind$?set_fmode@__scrt_file_policy@@SAXXZ(从 MSVCRT.lib(exe_main.obj) 中)
      已丢弃 $unwind$?set_commode@__scrt_file_policy@@SAXXZ(从 MSVCRT.lib(exe_main.obj) 中)
      已丢弃 $unwind$?invoke_main@@YAHXZ(从 MSVCRT.lib(exe_main.obj) 中)
      已丢弃 $unwind$?__scrt_common_main@@YAHXZ(从 MSVCRT.lib(exe_main.obj) 中)
      已丢弃 $unwind$__report_securityfailure(从 MSVCRT.lib(gs_report.obj) 中)
      已丢弃 $unwind$__report_securityfailureEx(从 MSVCRT.lib(gs_report.obj) 中)
      已丢弃 $unwind$__report_rangecheckfailure(从 MSVCRT.lib(gs_report.obj) 中)
      已丢弃 $unwind$capture_current_context(从 MSVCRT.lib(gs_report.obj) 中)
      已丢弃 $unwind$__scrt_dllmain_exception_filter(从 MSVCRT.lib(utility.obj) 中)
      已丢弃 $unwind$__scrt_dllmain_before_initialize_c(从 MSVCRT.lib(utility.obj) 中)
      已丢弃 $unwind$__scrt_dllmain_after_initialize_c(从 MSVCRT.lib(utility.obj) 中)
      已丢弃 $unwind$__scrt_dllmain_uninitialize_c(从 MSVCRT.lib(utility.obj) 中)
      已丢弃 $unwind$__scrt_dllmain_uninitialize_critical(从 MSVCRT.lib(utility.obj) 中)
      已丢弃 $unwind$__scrt_dllmain_crt_thread_attach(从 MSVCRT.lib(utility.obj) 中)
      已丢弃 $unwind$__scrt_dllmain_crt_thread_detach(从 MSVCRT.lib(utility.obj) 中)
      已丢弃 $unwind$__get_entropy(从 MSVCRT.lib(gs_support.obj) 中)
      已丢弃 $unwind$__scrt_get_show_window_mode(从 MSVCRT.lib(utility_desktop.obj) 中)
      已丢弃 $unwind$__castguard_check_failure_os_handled_wrapper(从 MSVCRT.lib(guard_support.obj) 中)
      已丢弃 $unwind$__castguard_check_failure_user_handled_wrapper(从 MSVCRT.lib(guard_support.obj) 中)
      已丢弃 $unwind$__castguard_check_failure_os_handled(从 MSVCRT.lib(guard_support.obj) 中)
      已丢弃 $unwind$__castguard_check_failure_user_handled(从 MSVCRT.lib(guard_support.obj) 中)
      已丢弃 $unwind$__castguard_slow_path_check_os_handled(从 MSVCRT.lib(guard_support.obj) 中)
      已丢弃 $unwind$__castguard_slow_path_check_user_handled(从 MSVCRT.lib(guard_support.obj) 中)
      已丢弃 __castguard_check_failure_user_handled_fptr(从 MSVCRT.lib(guard_support.obj) 中)
      已丢弃 $pdata$?_Maklocwcs@std@@YAPEA_WPEB_W@Z(从 TNADriver.obj 中)
      已丢弃 $pdata$??$_Getvals@_W@?$time_get@DV?$istreambuf_iterator@DU?$char_traits@D@std@@@std@@@std@@IEAAX_WAEBV_Locinfo@1@@Z(从 TNADriver.obj 中)
      已丢弃 $pdata$??$_Getvals@_W@?$time_get@_WV?$istreambuf_iterator@_WU?$char_traits@_W@std@@@std@@@std@@IEAAX_WAEBV_Locinfo@1@@Z(从 TNADriver.obj 中)
      已丢弃 $pdata$?TestGreedy@@YAHAEBV?$basic_string@DU?$char_traits@D@std@@V?$allocator@D@2@@std@@0@Z(从 TNADriver.obj 中)
      已丢弃 $pdata$?dtor$0@?0??TestGreedy@@YAHAEBV?$basic_string@DU?$char_traits@D@std@@V?$allocator@D@2@@std@@0@Z@4HA(从 TNADriver.obj 中)
      已丢弃 $pdata$??$_Maklocstr@D@std@@YAPEADPEBDPEADAEBU_Cvtvec@@@Z(从 TNADriver.obj 中)
      已丢弃 $pdata$??$_Allocate_manually_vector_aligned@U_Default_allocate_traits@std@@@std@@YAPEAX_K@Z(从 TNADriver.obj 中)
      已丢弃 $pdata$__GSHandlerCheck(从 MSVCRT.lib(gshandler.obj) 中)
      已丢弃 $pdata$?configure_argv@__scrt_narrow_argv_policy@@SAHXZ(从 MSVCRT.lib(exe_main.obj) 中)
      已丢弃 $pdata$?set_fmode@__scrt_file_policy@@SAXXZ(从 MSVCRT.lib(exe_main.obj) 中)
      已丢弃 $pdata$?set_commode@__scrt_file_policy@@SAXXZ(从 MSVCRT.lib(exe_main.obj) 中)
      已丢弃 $pdata$?invoke_main@@YAHXZ(从 MSVCRT.lib(exe_main.obj) 中)
      已丢弃 $pdata$?__scrt_common_main@@YAHXZ(从 MSVCRT.lib(exe_main.obj) 中)
      已丢弃 $pdata$__report_securityfailure(从 MSVCRT.lib(gs_report.obj) 中)
      已丢弃 $pdata$__report_securityfailureEx(从 MSVCRT.lib(gs_report.obj) 中)
      已丢弃 $pdata$__report_rangecheckfailure(从 MSVCRT.lib(gs_report.obj) 中)
      已丢弃 $pdata$capture_current_context(从 MSVCRT.lib(gs_report.obj) 中)
      已丢弃 $pdata$__scrt_dllmain_exception_filter(从 MSVCRT.lib(utility.obj) 中)
      已丢弃 $pdata$__scrt_dllmain_before_initialize_c(从 MSVCRT.lib(utility.obj) 中)
      已丢弃 $pdata$__scrt_dllmain_after_initialize_c(从 MSVCRT.lib(utility.obj) 中)
      已丢弃 $pdata$__scrt_dllmain_uninitialize_c(从 MSVCRT.lib(utility.obj) 中)
      已丢弃 $pdata$__scrt_dllmain_uninitialize_critical(从 MSVCRT.lib(utility.obj) 中)
      已丢弃 $pdata$__scrt_dllmain_crt_thread_attach(从 MSVCRT.lib(utility.obj) 中)
      已丢弃 $pdata$__scrt_dllmain_crt_thread_detach(从 MSVCRT.lib(utility.obj) 中)
      已丢弃 $pdata$__get_entropy(从 MSVCRT.lib(gs_support.obj) 中)
      已丢弃 $pdata$__scrt_get_show_window_mode(从 MSVCRT.lib(utility_desktop.obj) 中)
      已丢弃 $pdata$__castguard_check_failure_os_handled_wrapper(从 MSVCRT.lib(guard_support.obj) 中)
      已丢弃 $pdata$__castguard_check_failure_user_handled_wrapper(从 MSVCRT.lib(guard_support.obj) 中)
      已丢弃 $pdata$__castguard_check_failure_os_handled(从 MSVCRT.lib(guard_support.obj) 中)
      已丢弃 $pdata$__castguard_check_failure_user_handled(从 MSVCRT.lib(guard_support.obj) 中)
      已丢弃 $pdata$__castguard_slow_path_check_os_handled(从 MSVCRT.lib(guard_support.obj) 中)
      已丢弃 $pdata$__castguard_slow_path_check_user_handled(从 MSVCRT.lib(guard_support.obj) 中)
      已丢弃“.idata$4”(从 kernel32.lib(KERNEL32.dll) 中)
      已丢弃“.idata$4”(从 msvcprt.lib(MSVCP140.dll) 中)
      已丢弃“.idata$4”(从 msvcprt.lib(MSVCP140.dll) 中)
      已丢弃“.idata$4”(从 msvcprt.lib(MSVCP140.dll) 中)
      已丢弃“.idata$4”(从 msvcprt.lib(MSVCP140.dll) 中)
      已丢弃“.idata$4”(从 msvcprt.lib(MSVCP140.dll) 中)
      已丢弃“.idata$4”(从 vcruntime.lib(VCRUNTIME140.dll) 中)
      已丢弃“.idata$4”(从 ucrt.lib(api-ms-win-crt-heap-l1-1-0.dll) 中)
      已丢弃“.idata$4”(从 ucrt.lib(api-ms-win-crt-runtime-l1-1-0.dll) 中)
      已丢弃“.idata$4”(从 ucrt.lib(api-ms-win-crt-runtime-l1-1-0.dll) 中)
      已丢弃“.idata$4”(从 ucrt.lib(api-ms-win-crt-runtime-l1-1-0.dll) 中)
      已丢弃“.idata$4”(从 tna_x64.lib(tnm_x64.dll) 中)
      已丢弃“.idata$4”(从 tna_x64.lib(tnm_x64.dll) 中)
      已丢弃 __imp_GetStartupInfoW(从 kernel32.lib(KERNEL32.dll) 中)
      已丢弃 "__declspec(dllimport) public: unsigned short const * __cdecl std::_Locinfo::_W_Getmonths(void)const " (__imp_?_W_Getmonths@_Locinfo@std@@QEBAPEBGXZ)(从 msvcprt.lib(MSVCP140.dll) 中)
      已丢弃 __imp__Mbrtowc(从 msvcprt.lib(MSVCP140.dll) 中)
      已丢弃 "__declspec(dllimport) public: unsigned short const * __cdecl std::_Locinfo::_W_Getdays(void)const " (__imp_?_W_Getdays@_Locinfo@std@@QEBAPEBGXZ)(从 msvcprt.lib(MSVCP140.dll) 中)
      已丢弃 "__declspec(dllimport) void __cdecl std::_Xbad_alloc(void)" (__imp_?_Xbad_alloc@std@@YAXXZ)(从 msvcprt.lib(MSVCP140.dll) 中)
      已丢弃 "__declspec(dllimport) public: struct _Cvtvec __cdecl std::_Locinfo::_Getcvt(void)const " (__imp_?_Getcvt@_Locinfo@std@@QEBA?AU_Cvtvec@@XZ)(从 msvcprt.lib(MSVCP140.dll) 中)
      已丢弃 __imp___std_type_info_destroy_list(从 vcruntime.lib(VCRUNTIME140.dll) 中)
      已丢弃 __imp_calloc(从 ucrt.lib(api-ms-win-crt-heap-l1-1-0.dll) 中)
      已丢弃 __imp__seh_filter_dll(从 ucrt.lib(api-ms-win-crt-runtime-l1-1-0.dll) 中)
      已丢弃 __imp__execute_onexit_table(从 ucrt.lib(api-ms-win-crt-runtime-l1-1-0.dll) 中)
      已丢弃 __imp__crt_at_quick_exit(从 ucrt.lib(api-ms-win-crt-runtime-l1-1-0.dll) 中)
      已丢弃 "__declspec(dllimport) public: __cdecl TAP_Greedy::~TAP_Greedy(void)" (__imp_??1TAP_Greedy@@QEAA@XZ)(从 tna_x64.lib(tnm_x64.dll) 中)
      已丢弃 "__declspec(dllimport) public: __cdecl TAP_Greedy::TAP_Greedy(void)" (__imp_??0TAP_Greedy@@QEAA@XZ)(从 tna_x64.lib(tnm_x64.dll) 中)
      已丢弃“.idata$6”(从 tna_x64.lib(tnm_x64.dll) 中)
      已丢弃“.idata$6”(从 tna_x64.lib(tnm_x64.dll) 中)
      已丢弃“.idata$6”(从 msvcprt.lib(MSVCP140.dll) 中)
      已丢弃“.idata$6”(从 msvcprt.lib(MSVCP140.dll) 中)
      已丢弃“.idata$6”(从 msvcprt.lib(MSVCP140.dll) 中)
      已丢弃“.idata$6”(从 msvcprt.lib(MSVCP140.dll) 中)
      已丢弃“.idata$6”(从 msvcprt.lib(MSVCP140.dll) 中)
      已丢弃“.idata$6”(从 vcruntime.lib(VCRUNTIME140.dll) 中)
      已丢弃“.idata$6”(从 ucrt.lib(api-ms-win-crt-heap-l1-1-0.dll) 中)
      已丢弃“.idata$6”(从 ucrt.lib(api-ms-win-crt-runtime-l1-1-0.dll) 中)
      已丢弃“.idata$6”(从 ucrt.lib(api-ms-win-crt-runtime-l1-1-0.dll) 中)
      已丢弃“.idata$6”(从 ucrt.lib(api-ms-win-crt-runtime-l1-1-0.dll) 中)
      已丢弃“.idata$6”(从 kernel32.lib(KERNEL32.dll) 中)
      已丢弃 "void * __cdecl std::_Allocate_manually_vector_aligned<struct std::_Default_allocate_traits>(unsigned __int64)" (??$_Allocate_manually_vector_aligned@U_Default_allocate_traits@std@@@std@@YAPEAX_K@Z)(从 TNADriver.obj 中)
      已丢弃 "protected: void __cdecl std::time_get<char,class std::istreambuf_iterator<char,struct std::char_traits<char> > >::_Getvals<wchar_t>(wchar_t,class std::_Locinfo const &)" (??$_Getvals@_W@?$time_get@DV?$istreambuf_iterator@DU?$char_traits@D@std@@@std@@@std@@IEAAX_WAEBV_Locinfo@1@@Z)(从 TNADriver.obj 中)
      已丢弃 "protected: void __cdecl std::time_get<wchar_t,class std::istreambuf_iterator<wchar_t,struct std::char_traits<wchar_t> > >::_Getvals<wchar_t>(wchar_t,class std::_Locinfo const &)" (??$_Getvals@_W@?$time_get@_WV?$istreambuf_iterator@_WU?$char_traits@_W@std@@@std@@@std@@IEAAX_WAEBV_Locinfo@1@@Z)(从 TNADriver.obj 中)
      已丢弃 "char * __cdecl std::_Maklocstr<char>(char const *,char *,struct _Cvtvec const &)" (??$_Maklocstr@D@std@@YAPEADPEBDPEADAEBU_Cvtvec@@@Z)(从 TNADriver.obj 中)
      已丢弃 "public: virtual __cdecl std::exception::~exception(void)" (??1exception@std@@UEAA@XZ)(从 TNADriver.obj 中)
      已丢弃 "int __cdecl TestGreedy(class std::basic_string<char,struct std::char_traits<char>,class std::allocator<char> > const &,class std::basic_string<char,struct std::char_traits<char>,class std::allocator<char> > const &)" (?TestGreedy@@YAHAEBV?$basic_string@DU?$char_traits@D@std@@V?$allocator@D@2@@std@@0@Z)(从 TNADriver.obj 中)
      已丢弃 "wchar_t * __cdecl std::_Maklocwcs(wchar_t const *)" (?_Maklocwcs@std@@YAPEA_WPEB_W@Z)(从 TNADriver.obj 中)
      已丢弃 "public: static void __cdecl TNM_FloatFormat::SetFormat(int,int)" (?SetFormat@TNM_FloatFormat@@SAXHH@Z)(从 tna_x64.lib(tnm_x64.dll) 中)
      已丢弃 "public: void __cdecl TNM_TAP::SetConv(long double)" (?SetConv@TNM_TAP@@QEAAXO@Z)(从 tna_x64.lib(tnm_x64.dll) 中)
      已丢弃 "public: void __cdecl TNM_TAP::SetMaxIter(int)" (?SetMaxIter@TNM_TAP@@QEAAXH@Z)(从 tna_x64.lib(tnm_x64.dll) 中)
      已丢弃 "public: int __cdecl TNM_TAP::SetTollType(enum TNM_TOLLTYPE)" (?SetTollType@TNM_TAP@@QEAAHW4TNM_TOLLTYPE@@@Z)(从 tna_x64.lib(tnm_x64.dll) 中)
      已丢弃 "public: void __cdecl TNM_TAP::SetCentroidsBlocked(bool)" (?SetCentroidsBlocked@TNM_TAP@@QEAAX_N@Z)(从 tna_x64.lib(tnm_x64.dll) 中)
      已丢弃 "public: enum TERMFLAGS __cdecl TNM_TAP::Solve(void)" (?Solve@TNM_TAP@@QEAA?AW4TERMFLAGS@@XZ)(从 tna_x64.lib(tnm_x64.dll) 中)
      已丢弃 "public: __cdecl TAP_Greedy::TAP_Greedy(void)" (??0TAP_Greedy@@QEAA@XZ)(从 tna_x64.lib(tnm_x64.dll) 中)
      已丢弃 "public: __cdecl TAP_Greedy::~TAP_Greedy(void)" (??1TAP_Greedy@@QEAA@XZ)(从 tna_x64.lib(tnm_x64.dll) 中)
      已丢弃 "public: __cdecl TAP_Greedy_dijk::TAP_Greedy_dijk(void)" (??0TAP_Greedy_dijk@@QEAA@XZ)(从 tna_x64.lib(tnm_x64.dll) 中)
      已丢弃 "public: __cdecl TAP_Greedy_dijk::~TAP_Greedy_dijk(void)" (??1TAP_Greedy_dijk@@QEAA@XZ)(从 tna_x64.lib(tnm_x64.dll) 中)
      已丢弃 "void __cdecl std::_Xbad_alloc(void)" (?_Xbad_alloc@std@@YAXXZ)(从 msvcprt.lib(MSVCP140.dll) 中)
      已丢弃 _Mbrtowc(从 msvcprt.lib(MSVCP140.dll) 中)
      已丢弃 "public: struct _Cvtvec __cdecl std::_Locinfo::_Getcvt(void)const " (?_Getcvt@_Locinfo@std@@QEBA?AU_Cvtvec@@XZ)(从 msvcprt.lib(MSVCP140.dll) 中)
      已丢弃 "public: unsigned short const * __cdecl std::_Locinfo::_W_Getdays(void)const " (?_W_Getdays@_Locinfo@std@@QEBAPEBGXZ)(从 msvcprt.lib(MSVCP140.dll) 中)
      已丢弃 "public: unsigned short const * __cdecl std::_Locinfo::_W_Getmonths(void)const " (?_W_Getmonths@_Locinfo@std@@QEBAPEBGXZ)(从 msvcprt.lib(MSVCP140.dll) 中)
      已丢弃 "public: bool __cdecl std::ios_base::good(void)const " (?good@ios_base@std@@QEBA_NXZ)(从 msvcprt.lib(MSVCP140.dll) 中)
      已丢弃 "public: int __cdecl std::ios_base::flags(void)const " (?flags@ios_base@std@@QEBAHXZ)(从 msvcprt.lib(MSVCP140.dll) 中)
      已丢弃 "public: __int64 __cdecl std::ios_base::width(void)const " (?width@ios_base@std@@QEBA_JXZ)(从 msvcprt.lib(MSVCP140.dll) 中)
      已丢弃 "public: __int64 __cdecl std::ios_base::width(__int64)" (?width@ios_base@std@@QEAA_J_J@Z)(从 msvcprt.lib(MSVCP140.dll) 中)
      已丢弃 "public: int __cdecl std::basic_streambuf<char,struct std::char_traits<char> >::sputc(char)" (?sputc@?$basic_streambuf@DU?$char_traits@D@std@@@std@@QEAAHD@Z)(从 msvcprt.lib(MSVCP140.dll) 中)
      已丢弃 "public: __int64 __cdecl std::basic_streambuf<char,struct std::char_traits<char> >::sputn(char const *,__int64)" (?sputn@?$basic_streambuf@DU?$char_traits@D@std@@@std@@QEAA_JPEBD_J@Z)(从 msvcprt.lib(MSVCP140.dll) 中)
      已丢弃 "public: void __cdecl std::basic_ios<char,struct std::char_traits<char> >::setstate(int,bool)" (?setstate@?$basic_ios@DU?$char_traits@D@std@@@std@@QEAAXH_N@Z)(从 msvcprt.lib(MSVCP140.dll) 中)
      已丢弃 "public: class std::basic_ostream<char,struct std::char_traits<char> > * __cdecl std::basic_ios<char,struct std::char_traits<char> >::tie(void)const " (?tie@?$basic_ios@DU?$char_traits@D@std@@@std@@QEBAPEAV?$basic_ostream@DU?$char_traits@D@std@@@2@XZ)(从 msvcprt.lib(MSVCP140.dll) 中)
      已丢弃 "public: class std::basic_streambuf<char,struct std::char_traits<char> > * __cdecl std::basic_ios<char,struct std::char_traits<char> >::rdbuf(void)const " (?rdbuf@?$basic_ios@DU?$char_traits@D@std@@@std@@QEBAPEAV?$basic_streambuf@DU?$char_traits@D@std@@@2@XZ)(从 msvcprt.lib(MSVCP140.dll) 中)
      已丢弃 "public: char __cdecl std::basic_ios<char,struct std::char_traits<char> >::fill(void)const " (?fill@?$basic_ios@DU?$char_traits@D@std@@@std@@QEBADXZ)(从 msvcprt.lib(MSVCP140.dll) 中)
      已丢弃 "public: char __cdecl std::basic_ios<char,struct std::char_traits<char> >::widen(char)const " (?widen@?$basic_ios@DU?$char_traits@D@std@@@std@@QEBADD@Z)(从 msvcprt.lib(MSVCP140.dll) 中)
      已丢弃 "public: void __cdecl std::basic_ostream<char,struct std::char_traits<char> >::_Osfx(void)" (?_Osfx@?$basic_ostream@DU?$char_traits@D@std@@@std@@QEAAXXZ)(从 msvcprt.lib(MSVCP140.dll) 中)
      已丢弃 "public: class std::basic_ostream<char,struct std::char_traits<char> > & __cdecl std::basic_ostream<char,struct std::char_traits<char> >::operator<<(class std::basic_ostream<char,struct std::char_traits<char> > & (__cdecl*)(class std::basic_ostream<char,struct std::char_traits<char> > &))" (??6?$basic_ostream@DU?$char_traits@D@std@@@std@@QEAAAEAV01@P6AAEAV01@AEAV01@@Z@Z)(从 msvcprt.lib(MSVCP140.dll) 中)
      已丢弃 "public: class std::basic_ostream<char,struct std::char_traits<char> > & __cdecl std::basic_ostream<char,struct std::char_traits<char> >::operator<<(long double)" (??6?$basic_ostream@DU?$char_traits@D@std@@@std@@QEAAAEAV01@O@Z)(从 msvcprt.lib(MSVCP140.dll) 中)
      已丢弃 "public: class std::basic_ostream<char,struct std::char_traits<char> > & __cdecl std::basic_ostream<char,struct std::char_traits<char> >::put(char)" (?put@?$basic_ostream@DU?$char_traits@D@std@@@std@@QEAAAEAV12@D@Z)(从 msvcprt.lib(MSVCP140.dll) 中)
      已丢弃 "public: class std::basic_ostream<char,struct std::char_traits<char> > & __cdecl std::basic_ostream<char,struct std::char_traits<char> >::flush(void)" (?flush@?$basic_ostream@DU?$char_traits@D@std@@@std@@QEAAAEAV12@XZ)(从 msvcprt.lib(MSVCP140.dll) 中)
      已丢弃 __GSHandlerCheck(从 MSVCRT.lib(gshandler.obj) 中)
      已丢弃 "public: virtual __cdecl type_info::~type_info(void)" (??1type_info@@UEAA@XZ)(从 MSVCRT.lib(std_type_info_static.obj) 中)
      已丢弃 "int __cdecl __scrt_common_main(void)" (?__scrt_common_main@@YAHXZ)(从 MSVCRT.lib(exe_main.obj) 中)
      已丢弃 "public: static int __cdecl __scrt_narrow_argv_policy::configure_argv(void)" (?configure_argv@__scrt_narrow_argv_policy@@SAHXZ)(从 MSVCRT.lib(exe_main.obj) 中)
      已丢弃 "public: static int __cdecl __scrt_narrow_environment_policy::initialize_environment(void)" (?initialize_environment@__scrt_narrow_environment_policy@@SAHXZ)(从 MSVCRT.lib(exe_main.obj) 中)
      已丢弃 "int __cdecl invoke_main(void)" (?invoke_main@@YAHXZ)(从 MSVCRT.lib(exe_main.obj) 中)
      已丢弃 "public: static void __cdecl __scrt_main_policy::set_app_type(void)" (?set_app_type@__scrt_main_policy@@SAXXZ)(从 MSVCRT.lib(exe_main.obj) 中)
      已丢弃 "public: static void __cdecl __scrt_file_policy::set_commode(void)" (?set_commode@__scrt_file_policy@@SAXXZ)(从 MSVCRT.lib(exe_main.obj) 中)
      已丢弃 "public: static void __cdecl __scrt_file_policy::set_fmode(void)" (?set_fmode@__scrt_file_policy@@SAXXZ)(从 MSVCRT.lib(exe_main.obj) 中)
      已丢弃 "private: __cdecl std::bad_alloc::bad_alloc(char const * const)" (??0bad_alloc@std@@AEAA@QEBD@Z)(从 MSVCRT.lib(throw_bad_alloc.obj) 中)
      已丢弃 "public: __cdecl std::exception::exception(char const * const,int)" (??0exception@std@@QEAA@QEBDH@Z)(从 MSVCRT.lib(throw_bad_alloc.obj) 中)
      已丢弃 __report_rangecheckfailure(从 MSVCRT.lib(gs_report.obj) 中)
      已丢弃 __report_securityfailure(从 MSVCRT.lib(gs_report.obj) 中)
      已丢弃 __report_securityfailureEx(从 MSVCRT.lib(gs_report.obj) 中)
      已丢弃 capture_current_context(从 MSVCRT.lib(gs_report.obj) 中)
      已丢弃 "struct _IMAGE_SECTION_HEADER * __cdecl find_pe_section(unsigned char * const,unsigned __int64)" (?find_pe_section@@YAPEAU_IMAGE_SECTION_HEADER@@QEAE_K@Z)(从 MSVCRT.lib(utility.obj) 中)
      已丢弃 "bool __cdecl is_potentially_valid_image_base(void * const)" (?is_potentially_valid_image_base@@YA_NQEAX@Z)(从 MSVCRT.lib(utility.obj) 中)
      已丢弃 NtCurrentTeb(从 MSVCRT.lib(utility.obj) 中)
      已丢弃 __scrt_dllmain_after_initialize_c(从 MSVCRT.lib(utility.obj) 中)
      已丢弃 __scrt_dllmain_before_initialize_c(从 MSVCRT.lib(utility.obj) 中)
      已丢弃 __scrt_dllmain_crt_thread_attach(从 MSVCRT.lib(utility.obj) 中)
      已丢弃 __scrt_dllmain_crt_thread_detach(从 MSVCRT.lib(utility.obj) 中)
      已丢弃 __scrt_dllmain_exception_filter(从 MSVCRT.lib(utility.obj) 中)
      已丢弃 __scrt_dllmain_uninitialize_c(从 MSVCRT.lib(utility.obj) 中)
      已丢弃 __scrt_dllmain_uninitialize_critical(从 MSVCRT.lib(utility.obj) 中)
      已丢弃 at_quick_exit(从 MSVCRT.lib(utility.obj) 中)
      已丢弃 __get_entropy(从 MSVCRT.lib(gs_support.obj) 中)
      已丢弃 "void __cdecl __scrt_uninitialize_type_info(void)" (?__scrt_uninitialize_type_info@@YAXXZ)(从 MSVCRT.lib(tncleanup.obj) 中)
      已丢弃 __scrt_get_show_window_mode(从 MSVCRT.lib(utility_desktop.obj) 中)
      已丢弃 ReadNoFence64(从 MSVCRT.lib(guard_support.obj) 中)
      已丢弃 ReadPointerNoFence(从 MSVCRT.lib(guard_support.obj) 中)
      已丢弃 __castguard_check_failure_debugbreak(从 MSVCRT.lib(guard_support.obj) 中)
      已丢弃 __castguard_check_failure_fastfail(从 MSVCRT.lib(guard_support.obj) 中)
      已丢弃 __castguard_check_failure_nop(从 MSVCRT.lib(guard_support.obj) 中)
      已丢弃 __castguard_check_failure_os_handled(从 MSVCRT.lib(guard_support.obj) 中)
      已丢弃 __castguard_check_failure_os_handled_wrapper(从 MSVCRT.lib(guard_support.obj) 中)
      已丢弃 __castguard_check_failure_user_handled(从 MSVCRT.lib(guard_support.obj) 中)
      已丢弃 __castguard_check_failure_user_handled_wrapper(从 MSVCRT.lib(guard_support.obj) 中)
      已丢弃 __castguard_compat_check(从 MSVCRT.lib(guard_support.obj) 中)
      已丢弃 __castguard_set_user_handler(从 MSVCRT.lib(guard_support.obj) 中)
      已丢弃 __castguard_slow_path_check_debugbreak(从 MSVCRT.lib(guard_support.obj) 中)
      已丢弃 __castguard_slow_path_check_fastfail(从 MSVCRT.lib(guard_support.obj) 中)
      已丢弃 __castguard_slow_path_check_nop(从 MSVCRT.lib(guard_support.obj) 中)
      已丢弃 __castguard_slow_path_check_os_handled(从 MSVCRT.lib(guard_support.obj) 中)
      已丢弃 __castguard_slow_path_check_user_handled(从 MSVCRT.lib(guard_support.obj) 中)
      已丢弃 __castguard_slow_path_compat_check(从 MSVCRT.lib(guard_support.obj) 中)
      已丢弃 _guard_icall_checks_enforced(从 MSVCRT.lib(guard_support.obj) 中)
      已丢弃 _guard_rf_checks_enforced(从 MSVCRT.lib(guard_support.obj) 中)
      已丢弃 __std_type_info_destroy_list(从 vcruntime.lib(VCRUNTIME140.dll) 中)
      已丢弃 _invalid_parameter_noinfo_noreturn(从 ucrt.lib(api-ms-win-crt-runtime-l1-1-0.dll) 中)
      已丢弃 calloc(从 ucrt.lib(api-ms-win-crt-heap-l1-1-0.dll) 中)
      已丢弃 system(从 ucrt.lib(api-ms-win-crt-runtime-l1-1-0.dll) 中)
      已丢弃 _seh_filter_dll(从 ucrt.lib(api-ms-win-crt-runtime-l1-1-0.dll) 中)
      已丢弃 _execute_onexit_table(从 ucrt.lib(api-ms-win-crt-runtime-l1-1-0.dll) 中)
      已丢弃 _crt_at_quick_exit(从 ucrt.lib(api-ms-win-crt-runtime-l1-1-0.dll) 中)
      已丢弃 RtlCaptureContext(从 kernel32.lib(KERNEL32.dll) 中)
      已丢弃 RtlLookupFunctionEntry(从 kernel32.lib(KERNEL32.dll) 中)
      已丢弃 RtlVirtualUnwind(从 kernel32.lib(KERNEL32.dll) 中)
      已丢弃 UnhandledExceptionFilter(从 kernel32.lib(KERNEL32.dll) 中)
      已丢弃 SetUnhandledExceptionFilter(从 kernel32.lib(KERNEL32.dll) 中)
      已丢弃 GetCurrentProcess(从 kernel32.lib(KERNEL32.dll) 中)
      已丢弃 TerminateProcess(从 kernel32.lib(KERNEL32.dll) 中)
      已丢弃 IsProcessorFeaturePresent(从 kernel32.lib(KERNEL32.dll) 中)
      已丢弃 QueryPerformanceCounter(从 kernel32.lib(KERNEL32.dll) 中)
      已丢弃 GetCurrentProcessId(从 kernel32.lib(KERNEL32.dll) 中)
      已丢弃 GetCurrentThreadId(从 kernel32.lib(KERNEL32.dll) 中)
      已丢弃 GetSystemTimeAsFileTime(从 kernel32.lib(KERNEL32.dll) 中)
      已丢弃 InitializeSListHead(从 kernel32.lib(KERNEL32.dll) 中)
      已丢弃 IsDebuggerPresent(从 kernel32.lib(KERNEL32.dll) 中)
      已丢弃 GetStartupInfoW(从 kernel32.lib(KERNEL32.dll) 中)
      已丢弃 GetModuleHandleW(从 kernel32.lib(KERNEL32.dll) 中)
      已丢弃 __scrt_stub_for_acrt_thread_attach(从 MSVCRT.lib(ucrt_stubs.obj) 中)
      已丢弃 __scrt_stub_for_acrt_thread_detach(从 MSVCRT.lib(ucrt_stubs.obj) 中)
      已丢弃 __scrt_stub_for_acrt_uninitialize_critical(从 MSVCRT.lib(ucrt_stubs.obj) 中)
      已丢弃 __scrt_stub_for_is_c_termination_complete(从 MSVCRT.lib(ucrt_stubs.obj) 中)
      已丢弃 "int `int __cdecl TestGreedy(class std::basic_string<char,struct std::char_traits<char>,class std::allocator<char> > const &,class std::basic_string<char,struct std::char_traits<char>,class std::allocator<char> > const &)'::`1'::dtor$0" (?dtor$0@?0??TestGreedy@@YAHAEBV?$basic_string@DU?$char_traits@D@std@@V?$allocator@D@2@@std@@0@Z@4HA)(从 TNADriver.obj 中)
      已丢弃 "int `int __cdecl TestGreedy(class std::basic_string<char,struct std::char_traits<char>,class std::allocator<char> > const &,class std::basic_string<char,struct std::char_traits<char>,class std::allocator<char> > const &)'::`1'::dtor$1" (?dtor$1@?0??TestGreedy@@YAHAEBV?$basic_string@DU?$char_traits@D@std@@V?$allocator@D@2@@std@@0@Z@4HA)(从 TNADriver.obj 中)
      已丢弃 "int `int __cdecl TestGreedy(class std::basic_string<char,struct std::char_traits<char>,class std::allocator<char> > const &,class std::basic_string<char,struct std::char_traits<char>,class std::allocator<char> > const &)'::`1'::dtor$2" (?dtor$2@?0??TestGreedy@@YAHAEBV?$basic_string@DU?$char_traits@D@std@@V?$allocator@D@2@@std@@0@Z@4HA)(从 TNADriver.obj 中)
      已丢弃 "int `int __cdecl TestGreedy(class std::basic_string<char,struct std::char_traits<char>,class std::allocator<char> > const &,class std::basic_string<char,struct std::char_traits<char>,class std::allocator<char> > const &)'::`1'::dtor$4" (?dtor$4@?0??TestGreedy@@YAHAEBV?$basic_string@DU?$char_traits@D@std@@V?$allocator@D@2@@std@@0@Z@4HA)(从 TNADriver.obj 中)
    已选择符号:
      _initialize_invalid_parameter_handler (在 MSVCRT.lib(invalid_parameter_handler.obj) 中)
    已替换符号:
      _guard_check_icall_nop (在 MSVCRT.lib(guard_support.obj) 中)
      _initialize_denormal_control (在 MSVCRT.lib(denormal_control.obj) 中)
    已选择符号:
      _should_initialize_environment (在 MSVCRT.lib(env_mode.obj) 中)
    已替换符号:
      __scrt_stub_for_acrt_uninitialize (在 MSVCRT.lib(ucrt_stubs.obj) 中)
      __scrt_stub_for_acrt_initialize (在 MSVCRT.lib(ucrt_stubs.obj) 中)
    已选择符号:
      _matherr (在 MSVCRT.lib(matherr.obj) 中)
    已替换符号:
      _get_startup_commit_mode (在 MSVCRT.lib(commit_mode.obj) 中)
      __scrt_initialize_winrt (在 MSVCRT.lib(utility_desktop.obj) 中)
      _get_startup_new_mode (在 MSVCRT.lib(new_mode.obj) 中)
      _get_startup_thread_locale_mode (在 MSVCRT.lib(thread_locale.obj) 中)
      __scrt_stub_for_initialize_mta (在 MSVCRT.lib(utility_desktop.obj) 中)
    已选择符号:
      "public: virtual __cdecl std::bad_array_new_length::~bad_array_new_length(void)" (??1bad_array_new_length@std@@UEAA@XZ) (在 TNADriver.obj 中)
    已替换符号:
      "public: virtual __cdecl std::bad_alloc::~bad_alloc(void)" (??1bad_alloc@std@@UEAA@XZ) (在 MSVCRT.lib(throw_bad_alloc.obj) 中)
    已选择符号:
      "void __cdecl std::_Throw_bad_array_new_length(void)" (?_Throw_bad_array_new_length@std@@YAXXZ) (在 TNADriver.obj 中)
    已替换符号:
      "void __cdecl __scrt_throw_std_bad_array_new_length(void)" (?__scrt_throw_std_bad_array_new_length@@YAXXZ) (在 MSVCRT.lib(throw_bad_alloc.obj) 中)
    已选择符号:
      "public: virtual void * __cdecl std::bad_alloc::`scalar deleting destructor'(unsigned int)" (??_Gbad_alloc@std@@UEAAPEAXI@Z) (在 TNADriver.obj 中)
    已替换符号:
      "public: virtual void * __cdecl std::exception::`scalar deleting destructor'(unsigned int)" (??_Gexception@std@@UEAAPEAXI@Z) (在 TNADriver.obj 中)
      "public: virtual void * __cdecl std::bad_array_new_length::`scalar deleting destructor'(unsigned int)" (??_Gbad_array_new_length@std@@UEAAPEAXI@Z) (在 TNADriver.obj 中)
    已选择符号:
      $unwind$??_Gexception@std@@UEAAPEAXI@Z (在 TNADriver.obj 中)
    已替换符号:
      $unwind$??_Gbad_array_new_length@std@@UEAAPEAXI@Z (在 TNADriver.obj 中)
      $unwind$??_Gbad_alloc@std@@UEAAPEAXI@Z (在 TNADriver.obj 中)
      $unwind$_RTC_Terminate (在 MSVCRT.lib(initsect.obj) 中)
      $unwind$_RTC_Initialize (在 MSVCRT.lib(initsect.obj) 中)
      $unwind$__scrt_unhandled_exception_filter (在 MSVCRT.lib(utility_desktop.obj) 中)
    已选择符号:
      $unwind$??0exception@std@@QEAA@AEBV01@@Z (在 TNADriver.obj 中)
    已替换符号:
      $unwind$??_Gtype_info@@UEAAPEAXI@Z (在 MSVCRT.lib(std_type_info_static.obj) 中)
      $unwind$??$endl@DU?$char_traits@D@std@@@std@@YAAEAV?$basic_ostream@DU?$char_traits@D@std@@@0@AEAV10@@Z (在 TNADriver.obj 中)
      $unwind$??2@YAPEAX_K@Z (在 MSVCRT.lib(new_scalar.obj) 中)
      $unwind$??0bad_array_new_length@std@@QEAA@AEBV01@@Z (在 TNADriver.obj 中)
      $unwind$?pre_c_initialization@@YAHXZ (在 MSVCRT.lib(exe_main.obj) 中)
      $unwind$??1?$basic_string@DU?$char_traits@D@std@@V?$allocator@D@2@@std@@QEAA@XZ (在 TNADriver.obj 中)
      $unwind$??0bad_alloc@std@@QEAA@AEBV01@@Z (在 TNADriver.obj 中)
      $unwind$__raise_securityfailure (在 MSVCRT.lib(gs_report.obj) 中)
      $unwind$_onexit (在 MSVCRT.lib(utility.obj) 中)
      $unwind$__scrt_release_startup_lock (在 MSVCRT.lib(utility.obj) 中)
      $unwind$__scrt_uninitialize_crt (在 MSVCRT.lib(utility.obj) 中)
      $unwind$__scrt_initialize_onexit_tables (在 MSVCRT.lib(utility.obj) 中)
    已选择符号:
      $unwind$?_Xlen_string@std@@YAXXZ (在 TNADriver.obj 中)
    已替换符号:
      $unwind$__scrt_is_managed_app (在 MSVCRT.lib(utility_desktop.obj) 中)
      $unwind$mainCRTStartup (在 MSVCRT.lib(exe_main.obj) 中)
      $unwind$?pre_cpp_initialization@@YAXXZ (在 MSVCRT.lib(exe_main.obj) 中)
      $unwind$?post_pgo_initialization@@YAHXZ (在 MSVCRT.lib(exe_main.obj) 中)
      $unwind$atexit (在 MSVCRT.lib(utility.obj) 中)
      $unwind$__scrt_acquire_startup_lock (在 MSVCRT.lib(utility.obj) 中)
      $unwind$__scrt_initialize_crt (在 MSVCRT.lib(utility.obj) 中)
      $unwind$__scrt_initialize_default_local_stdio_options (在 MSVCRT.lib(default_local_stdio_options.obj) 中)
    已选择符号:
      $unwind$?dtor$0@?0??TestGreedy_dijk@@YAHAEBV?$basic_string@DU?$char_traits@D@std@@V?$allocator@D@2@@std@@0@Z@4HA (在 TNADriver.obj 中)
    已替换符号:
      $unwind$?filt$0@?0??__scrt_common_main_seh@@YAHXZ@4HA (在 MSVCRT.lib(exe_main.obj) 中)
    已选择符号:
      $unwind$?_Throw_bad_array_new_length@std@@YAXXZ (在 TNADriver.obj 中)
    已替换符号:
      $unwind$?__scrt_throw_std_bad_alloc@@YAXXZ (在 MSVCRT.lib(throw_bad_alloc.obj) 中)
      $unwind$?__scrt_throw_std_bad_array_new_length@@YAXXZ (在 MSVCRT.lib(throw_bad_alloc.obj) 中)
    已选择符号:
      $pdata$??_Gexception@std@@UEAAPEAXI@Z (在 TNADriver.obj 中)
    已替换符号:
      $pdata$??_Gbad_array_new_length@std@@UEAAPEAXI@Z (在 TNADriver.obj 中)
      $pdata$??_Gbad_alloc@std@@UEAAPEAXI@Z (在 TNADriver.obj 中)
    已选择符号:
      $pdata$?_Throw_bad_array_new_length@std@@YAXXZ (在 TNADriver.obj 中)
    已替换符号:
      $pdata$?__scrt_throw_std_bad_array_new_length@@YAXXZ (在 MSVCRT.lib(throw_bad_alloc.obj) 中)
    ICF 总节省量: 490 字节
  正在启动传递 2
       * linker generated manifest res *
       TNADriver.obj
       kernel32.lib(KERNEL32.dll)
       kernel32.lib(KERNEL32.dll)
       kernel32.lib(KERNEL32.dll)
       kernel32.lib(KERNEL32.dll)
       kernel32.lib(KERNEL32.dll)
       kernel32.lib(KERNEL32.dll)
       kernel32.lib(KERNEL32.dll)
       kernel32.lib(KERNEL32.dll)
       kernel32.lib(KERNEL32.dll)
       kernel32.lib(KERNEL32.dll)
       kernel32.lib(KERNEL32.dll)
       kernel32.lib(KERNEL32.dll)
       kernel32.lib(KERNEL32.dll)
       kernel32.lib(KERNEL32.dll)
       kernel32.lib(KERNEL32.dll)
       kernel32.lib(KERNEL32.dll)
       kernel32.lib(KERNEL32.dll)
       kernel32.lib(KERNEL32.dll)
       tna_x64.lib(tnm_x64.dll)
       tna_x64.lib(tnm_x64.dll)
       tna_x64.lib(tnm_x64.dll)
       tna_x64.lib(tnm_x64.dll)
       tna_x64.lib(tnm_x64.dll)
       tna_x64.lib(tnm_x64.dll)
       tna_x64.lib(tnm_x64.dll)
       tna_x64.lib(tnm_x64.dll)
       tna_x64.lib(tnm_x64.dll)
       tna_x64.lib(tnm_x64.dll)
       tna_x64.lib(tnm_x64.dll)
       tna_x64.lib(tnm_x64.dll)
       tna_x64.lib(tnm_x64.dll)
       msvcprt.lib(MSVCP140.dll)
       msvcprt.lib(MSVCP140.dll)
       msvcprt.lib(MSVCP140.dll)
       msvcprt.lib(MSVCP140.dll)
       msvcprt.lib(MSVCP140.dll)
       msvcprt.lib(MSVCP140.dll)
       msvcprt.lib(MSVCP140.dll)
       msvcprt.lib(MSVCP140.dll)
       msvcprt.lib(MSVCP140.dll)
       msvcprt.lib(MSVCP140.dll)
       msvcprt.lib(MSVCP140.dll)
       msvcprt.lib(MSVCP140.dll)
       msvcprt.lib(MSVCP140.dll)
       msvcprt.lib(MSVCP140.dll)
       msvcprt.lib(MSVCP140.dll)
       msvcprt.lib(MSVCP140.dll)
       msvcprt.lib(MSVCP140.dll)
       msvcprt.lib(MSVCP140.dll)
       msvcprt.lib(MSVCP140.dll)
       msvcprt.lib(MSVCP140.dll)
       msvcprt.lib(MSVCP140.dll)
       msvcprt.lib(MSVCP140.dll)
       msvcprt.lib(MSVCP140.dll)
       msvcprt.lib(MSVCP140.dll)
       msvcprt.lib(MSVCP140.dll)
       msvcprt.lib(MSVCP140.dll)
       MSVCRT.lib(argv_mode.obj)
       MSVCRT.lib(commit_mode.obj)
       MSVCRT.lib(default_local_stdio_options.obj)
       MSVCRT.lib(denormal_control.obj)
       MSVCRT.lib(env_mode.obj)
       MSVCRT.lib(file_mode.obj)
       MSVCRT.lib(fltused.obj)
       MSVCRT.lib(invalid_parameter_handler.obj)
       MSVCRT.lib(matherr.obj)
       MSVCRT.lib(new_mode.obj)
       MSVCRT.lib(thread_locale.obj)
       MSVCRT.lib(std_type_info_static.obj)
       MSVCRT.lib(tncleanup.obj)
       MSVCRT.lib(delete_scalar.obj)
       MSVCRT.lib(delete_scalar_size.obj)
       MSVCRT.lib(new_scalar.obj)
       MSVCRT.lib(throw_bad_alloc.obj)
       MSVCRT.lib(exe_main.obj)
       MSVCRT.lib(initializers.obj)
       MSVCRT.lib(utility.obj)
       MSVCRT.lib(ucrt_stubs.obj)
       MSVCRT.lib(gs_cookie.obj)
       MSVCRT.lib(gs_report.obj)
       MSVCRT.lib(gs_support.obj)
       MSVCRT.lib(guard_support.obj)
       MSVCRT.lib(loadcfg.obj)
       MSVCRT.lib(dyn_tls_dtor.obj)
       MSVCRT.lib(dyn_tls_init.obj)
       MSVCRT.lib(matherr_detection.obj)
       MSVCRT.lib(ucrt_detection.obj)
       MSVCRT.lib(cpu_disp.obj)
       MSVCRT.lib(utility_desktop.obj)
       MSVCRT.lib(initsect.obj)
       MSVCRT.lib(gshandler.obj)
       MSVCRT.lib(gshandlereh4.obj)
       MSVCRT.lib(amdsecgs.obj)
       MSVCRT.lib(guard_dispatch.obj)
       MSVCRT.lib(guard_xfg_dispatch.obj)
       vcruntime.lib(VCRUNTIME140_1.dll)
       vcruntime.lib(VCRUNTIME140_1.dll)
       vcruntime.lib(VCRUNTIME140_1.dll)
       vcruntime.lib(VCRUNTIME140.dll)
       vcruntime.lib(VCRUNTIME140.dll)
       vcruntime.lib(VCRUNTIME140.dll)
       vcruntime.lib(VCRUNTIME140.dll)
       vcruntime.lib(VCRUNTIME140.dll)
       vcruntime.lib(VCRUNTIME140.dll)
       vcruntime.lib(VCRUNTIME140.dll)
       vcruntime.lib(VCRUNTIME140.dll)
       vcruntime.lib(VCRUNTIME140.dll)
       vcruntime.lib(VCRUNTIME140.dll)
       vcruntime.lib(VCRUNTIME140.dll)
       vcruntime.lib(VCRUNTIME140.dll)
       vcruntime.lib(VCRUNTIME140.dll)
       vcruntime.lib(softmemtag.obj)
       ucrt.lib(api-ms-win-crt-stdio-l1-1-0.dll)
       ucrt.lib(api-ms-win-crt-stdio-l1-1-0.dll)
       ucrt.lib(api-ms-win-crt-stdio-l1-1-0.dll)
       ucrt.lib(api-ms-win-crt-stdio-l1-1-0.dll)
       ucrt.lib(api-ms-win-crt-runtime-l1-1-0.dll)
       ucrt.lib(api-ms-win-crt-runtime-l1-1-0.dll)
       ucrt.lib(api-ms-win-crt-runtime-l1-1-0.dll)
       ucrt.lib(api-ms-win-crt-runtime-l1-1-0.dll)
       ucrt.lib(api-ms-win-crt-runtime-l1-1-0.dll)
       ucrt.lib(api-ms-win-crt-runtime-l1-1-0.dll)
       ucrt.lib(api-ms-win-crt-runtime-l1-1-0.dll)
       ucrt.lib(api-ms-win-crt-runtime-l1-1-0.dll)
       ucrt.lib(api-ms-win-crt-runtime-l1-1-0.dll)
       ucrt.lib(api-ms-win-crt-runtime-l1-1-0.dll)
       ucrt.lib(api-ms-win-crt-runtime-l1-1-0.dll)
       ucrt.lib(api-ms-win-crt-runtime-l1-1-0.dll)
       ucrt.lib(api-ms-win-crt-runtime-l1-1-0.dll)
       ucrt.lib(api-ms-win-crt-runtime-l1-1-0.dll)
       ucrt.lib(api-ms-win-crt-runtime-l1-1-0.dll)
       ucrt.lib(api-ms-win-crt-runtime-l1-1-0.dll)
       ucrt.lib(api-ms-win-crt-runtime-l1-1-0.dll)
       ucrt.lib(api-ms-win-crt-runtime-l1-1-0.dll)
       ucrt.lib(api-ms-win-crt-runtime-l1-1-0.dll)
       ucrt.lib(api-ms-win-crt-runtime-l1-1-0.dll)
       ucrt.lib(api-ms-win-crt-runtime-l1-1-0.dll)
       ucrt.lib(api-ms-win-crt-runtime-l1-1-0.dll)
       ucrt.lib(api-ms-win-crt-runtime-l1-1-0.dll)
       ucrt.lib(api-ms-win-crt-runtime-l1-1-0.dll)
       ucrt.lib(api-ms-win-crt-runtime-l1-1-0.dll)
       ucrt.lib(api-ms-win-crt-math-l1-1-0.dll)
       ucrt.lib(api-ms-win-crt-math-l1-1-0.dll)
       ucrt.lib(api-ms-win-crt-math-l1-1-0.dll)
       ucrt.lib(api-ms-win-crt-locale-l1-1-0.dll)
       ucrt.lib(api-ms-win-crt-locale-l1-1-0.dll)
       ucrt.lib(api-ms-win-crt-locale-l1-1-0.dll)
       ucrt.lib(api-ms-win-crt-heap-l1-1-0.dll)
       ucrt.lib(api-ms-win-crt-heap-l1-1-0.dll)
       ucrt.lib(api-ms-win-crt-heap-l1-1-0.dll)
       ucrt.lib(api-ms-win-crt-heap-l1-1-0.dll)
       ucrt.lib(api-ms-win-crt-heap-l1-1-0.dll)
       ucrt.lib(api-ms-win-crt-heap-l1-1-0.dll)
       ucrt.lib(api-ms-win-crt-heap-l1-1-0.dll)
  已完成传递 2
  TNADriver.vcxproj -> C:\Users\86131\OneDrive - swjtu.edu.cn\code\01 开源代码项目\Greedy 算法\Greedy-for-visual studio 2022\Greedy\bin\x64\TNADriver.exe
