C:\USERS\86131\ONEDRIVE - SWJTU.EDU.CN\论文\03 合作论文\郭磊\小网络版本\SOURCE\TNA\TNADRIVER\X64\RELEASE\TNADRIVER.OBJ
C:\USERS\86131\ONEDRIVE - SWJTU.EDU.CN\论文\03 合作论文\郭磊\小网络版本\SOURCE\TNA\TNADRIVER\X64\RELEASE\VC110.PDB
C:\USERS\86131\ONEDRIVE - SWJTU.EDU.CN\论文\03 合作论文\郭磊\SF版本\SOURCE\TNA\TNADRIVER\X64\RELEASE\TNADRIVER.OBJ
C:\USERS\86131\ONEDRIVE - SWJTU.EDU.CN\论文\03 合作论文\郭磊\SF版本\SOURCE\TNA\TNADRIVER\X64\RELEASE\VC110.PDB
C:\USERS\86131\DOCUMENTS\BAIDUSYNCDISK\论文\03 合作论文\郭磊\SF版本\SOURCE\TNA\TNADRIVER\X64\RELEASE\TNADRIVER.OBJ
C:\USERS\86131\DOCUMENTS\BAIDUSYNCDISK\论文\03 合作论文\郭磊\SF版本\SOURCE\TNA\TNADRIVER\X64\RELEASE\VC110.PDB
C:\USERS\86131\ONEDRIVE - SWJTU.EDU.CN\论文\03 合作论文\郭磊\小网络版本\BIN\X64\TNADRIVER.EXE
C:\USERS\86131\ONEDRIVE - SWJTU.EDU.CN\论文\03 合作论文\郭磊\小网络版本\BIN\X64\TNADRIVER.PDB
C:\USERS\86131\ONEDRIVE - SWJTU.EDU.CN\论文\03 合作论文\郭磊\SF版本\BIN\X64\TNADRIVER.EXE
C:\USERS\86131\ONEDRIVE - SWJTU.EDU.CN\论文\03 合作论文\郭磊\SF版本\BIN\X64\TNADRIVER.PDB
C:\Users\86131\Documents\BaiduSyncdisk\论文\03 合作论文\郭磊\sf版本\Source\TNA\TNADriver\x64\Release\TNADriver.obj
C:\Users\86131\Documents\BaiduSyncdisk\论文\03 合作论文\郭磊\sf版本\Source\TNA\TNADriver\x64\Release\cl.command.1.tlog
C:\Users\86131\Documents\BaiduSyncdisk\论文\03 合作论文\郭磊\sf版本\Source\TNA\TNADriver\x64\Release\CL.read.1.tlog
C:\Users\86131\Documents\BaiduSyncdisk\论文\03 合作论文\郭磊\sf版本\Source\TNA\TNADriver\x64\Release\CL.write.1.tlog
C:\Users\86131\Documents\BaiduSyncdisk\论文\03 合作论文\郭磊\sf版本\Source\TNA\TNADriver\x64\Release\link-cvtres.read.1.tlog
C:\Users\86131\Documents\BaiduSyncdisk\论文\03 合作论文\郭磊\sf版本\Source\TNA\TNADriver\x64\Release\link-cvtres.write.1.tlog
C:\Users\86131\Documents\BaiduSyncdisk\论文\03 合作论文\郭磊\sf版本\Source\TNA\TNADriver\x64\Release\link-rc.read.1.tlog
C:\Users\86131\Documents\BaiduSyncdisk\论文\03 合作论文\郭磊\sf版本\Source\TNA\TNADriver\x64\Release\link-rc.write.1.tlog
C:\Users\86131\Documents\BaiduSyncdisk\论文\03 合作论文\郭磊\sf版本\Source\TNA\TNADriver\x64\Release\link.command.1.tlog
C:\Users\86131\Documents\BaiduSyncdisk\论文\03 合作论文\郭磊\sf版本\Source\TNA\TNADriver\x64\Release\link.read.1.tlog
C:\Users\86131\Documents\BaiduSyncdisk\论文\03 合作论文\郭磊\sf版本\Source\TNA\TNADriver\x64\Release\link.write.1.tlog
C:\Users\86131\Documents\BaiduSyncdisk\论文\03 合作论文\郭磊\sf版本\Source\TNA\TNADriver\x64\Release\vc110.pdb
