E:\TNA\ASSIGNMENT_C\TRANSITCAPTL\SOURCE\DLLPROJ\TRANSITNET\X64\RELEASE\TEAP.OBJ
E:\TNA\ASSIGNMENT_C\TRANSITCAPTL\SOURCE\DLLPROJ\TRANSITNET\X64\RELEASE\SZTRANSIT.OBJ
E:\TNA\ASSIGNMENT_C\TRANSITCAPTL\SOURCE\DLLPROJ\TRANSITNET\X64\RELEASE\PTNET.OBJ
E:\TNA\ASSIGNMENT_C\TRANSITCAPTL\SOURCE\DLLPROJ\TRANSITNET\X64\RELEASE\MMCAPACITY.OBJ
E:\TNA\ASSIGNMENT_C\TRANSITCAPTL\SOURCE\DLLPROJ\TRANSITNET\X64\RELEASE\VC110.PDB
E:\TNA\ASSIGNMENT_C\容量约束C++代码\TRANSITCAPTL\SOURCE\DLLPROJ\TRANSITNET\X64\RELEASE\TEAP.OBJ
E:\TNA\ASSIGNMENT_C\容量约束C++代码\TRANSITCAPTL\SOURCE\DLLPROJ\TRANSITNET\X64\RELEASE\SZTRANSIT.OBJ
E:\TNA\ASSIGNMENT_C\容量约束C++代码\TRANSITCAPTL\SOURCE\DLLPROJ\TRANSITNET\X64\RELEASE\PTNET.OBJ
E:\TNA\ASSIGNMENT_C\容量约束C++代码\TRANSITCAPTL\SOURCE\DLLPROJ\TRANSITNET\X64\RELEASE\MMCAPACITY.OBJ
E:\TNA\ASSIGNMENT_C\容量约束C++代码\TRANSITCAPTL\SOURCE\DLLPROJ\TRANSITNET\X64\RELEASE\VC110.PDB
E:\TNA\ASSIGNMENT_C\TRANSITCAPTL\BIN\X64\PTNET_X64.DLL
E:\TNA\ASSIGNMENT_C\TRANSITCAPTL\BIN\X64\TRANSITNET.PDB
E:\TNA\Assignment_C\transitCapTL\lib\x64\transitNet_x64.lib
E:\TNA\Assignment_C\transitCapTL\lib\x64\transitNet_x64.exp
E:\TNA\Assignment_C\容量约束C++代码\transitCapTL\Source\DllProj\transitNet\x64\Release\MMCapacity.obj
E:\TNA\Assignment_C\容量约束C++代码\transitCapTL\Source\DllProj\transitNet\x64\Release\PTNet.obj
E:\TNA\Assignment_C\容量约束C++代码\transitCapTL\Source\DllProj\transitNet\x64\Release\SZTransit.obj
E:\TNA\Assignment_C\容量约束C++代码\transitCapTL\Source\DllProj\transitNet\x64\Release\TEAP.obj
E:\TNA\Assignment_C\容量约束C++代码\transitCapTL\Source\DllProj\transitNet\x64\Release\cl.command.1.tlog
E:\TNA\Assignment_C\容量约束C++代码\transitCapTL\Source\DllProj\transitNet\x64\Release\CL.read.1.tlog
E:\TNA\Assignment_C\容量约束C++代码\transitCapTL\Source\DllProj\transitNet\x64\Release\CL.write.1.tlog
E:\TNA\Assignment_C\容量约束C++代码\transitCapTL\Source\DllProj\transitNet\x64\Release\link-cvtres.read.1.tlog
E:\TNA\Assignment_C\容量约束C++代码\transitCapTL\Source\DllProj\transitNet\x64\Release\link-cvtres.write.1.tlog
E:\TNA\Assignment_C\容量约束C++代码\transitCapTL\Source\DllProj\transitNet\x64\Release\link-rc.read.1.tlog
E:\TNA\Assignment_C\容量约束C++代码\transitCapTL\Source\DllProj\transitNet\x64\Release\link-rc.write.1.tlog
E:\TNA\Assignment_C\容量约束C++代码\transitCapTL\Source\DllProj\transitNet\x64\Release\link.command.1.tlog
E:\TNA\Assignment_C\容量约束C++代码\transitCapTL\Source\DllProj\transitNet\x64\Release\link.read.1.tlog
E:\TNA\Assignment_C\容量约束C++代码\transitCapTL\Source\DllProj\transitNet\x64\Release\link.write.1.tlog
E:\TNA\Assignment_C\容量约束C++代码\transitCapTL\Source\DllProj\transitNet\x64\Release\transitNet.write.1.tlog
E:\TNA\Assignment_C\容量约束C++代码\transitCapTL\Source\DllProj\transitNet\x64\Release\vc110.pdb
