d:\writing paper\c-bita\2025augrevision\codeupgrade\c-bitasubmission\c-bita\source\dllproj\trafficnet\x64\release\vc143.pdb
d:\writing paper\c-bita\2025augrevision\codeupgrade\c-bitasubmission\c-bita\source\dllproj\trafficnet\x64\release\tnm_utility.obj
d:\writing paper\c-bita\2025augrevision\codeupgrade\c-bitasubmission\c-bita\source\dllproj\trafficnet\x64\release\tnm_net.obj
d:\writing paper\c-bita\2025augrevision\codeupgrade\c-bitasubmission\c-bita\source\dllproj\trafficnet\x64\release\tnm_enumio.obj
d:\writing paper\c-bita\2025augrevision\codeupgrade\c-bitasubmission\c-bita\source\dllproj\trafficnet\x64\release\tnm_algorithm.obj
d:\writing paper\c-bita\2025augrevision\codeupgrade\c-bitasubmission\c-bita\source\dllproj\trafficnet\x64\release\tnm.obj
d:\writing paper\c-bita\2025augrevision\codeupgrade\c-bitasubmission\c-bita\source\dllproj\trafficnet\x64\release\stdafx.obj
d:\writing paper\c-bita\2025augrevision\codeupgrade\c-bitasubmission\c-bita\bin\x64\tnm_x64.dll
d:\writing paper\c-bita\2025augrevision\codeupgrade\c-bitasubmission\c-bita\bin\x64\trafficnet.pdb
d:\writing paper\c-bita\2025augrevision\codeupgrade\c-bitasubmission\c-bita\lib\x64\trafficnet_x64.lib
d:\writing paper\c-bita\2025augrevision\codeupgrade\c-bitasubmission\c-bita\lib\x64\trafficnet_x64.exp
c:\users\86131\documents\baidusyncdisk\论文\2025\or\第三轮\c-bitasept.2025\c-bita\source\dllproj\trafficnet\x64\release\stdafx.obj
c:\users\86131\documents\baidusyncdisk\论文\2025\or\第三轮\c-bitasept.2025\c-bita\source\dllproj\trafficnet\x64\release\tnm.obj
c:\users\86131\documents\baidusyncdisk\论文\2025\or\第三轮\c-bitasept.2025\c-bita\source\dllproj\trafficnet\x64\release\tnm_algorithm.obj
c:\users\86131\documents\baidusyncdisk\论文\2025\or\第三轮\c-bitasept.2025\c-bita\source\dllproj\trafficnet\x64\release\tnm_enumio.obj
c:\users\86131\documents\baidusyncdisk\论文\2025\or\第三轮\c-bitasept.2025\c-bita\source\dllproj\trafficnet\x64\release\tnm_net.obj
c:\users\86131\documents\baidusyncdisk\论文\2025\or\第三轮\c-bitasept.2025\c-bita\source\dllproj\trafficnet\x64\release\tnm_utility.obj
c:\users\86131\documents\baidusyncdisk\论文\2025\or\第三轮\c-bitasept.2025\c-bita\source\dllproj\trafficnet\x64\release\vc143.pdb
c:\users\86131\documents\baidusyncdisk\论文\2025\or\第三轮\c-bitasept.2025\c-bita\source\dllproj\trafficnet\x64\release\trafficnet.tlog\cl.command.1.tlog
c:\users\86131\documents\baidusyncdisk\论文\2025\or\第三轮\c-bitasept.2025\c-bita\source\dllproj\trafficnet\x64\release\trafficnet.tlog\cl.items.tlog
c:\users\86131\documents\baidusyncdisk\论文\2025\or\第三轮\c-bitasept.2025\c-bita\source\dllproj\trafficnet\x64\release\trafficnet.tlog\cl.read.1.tlog
c:\users\86131\documents\baidusyncdisk\论文\2025\or\第三轮\c-bitasept.2025\c-bita\source\dllproj\trafficnet\x64\release\trafficnet.tlog\cl.write.1.tlog
c:\users\86131\documents\baidusyncdisk\论文\2025\or\第三轮\c-bitasept.2025\c-bita\source\dllproj\trafficnet\x64\release\trafficnet.tlog\link.command.1.tlog
c:\users\86131\documents\baidusyncdisk\论文\2025\or\第三轮\c-bitasept.2025\c-bita\source\dllproj\trafficnet\x64\release\trafficnet.tlog\link.read.1.tlog
c:\users\86131\documents\baidusyncdisk\论文\2025\or\第三轮\c-bitasept.2025\c-bita\source\dllproj\trafficnet\x64\release\trafficnet.tlog\link.secondary.1.tlog
c:\users\86131\documents\baidusyncdisk\论文\2025\or\第三轮\c-bitasept.2025\c-bita\source\dllproj\trafficnet\x64\release\trafficnet.tlog\link.write.1.tlog
