c:\users\86131\onedrive - swjtu.edu.cn\code\01 开源代码项目\greedy 算法\greedy-for-visual studio 2022\greedy\source\tna\tna\release\tna_x64.pch
c:\users\86131\onedrive - swjtu.edu.cn\code\01 开源代码项目\greedy 算法\greedy-for-visual studio 2022\greedy\source\tna\tna\release\vc143.pdb
c:\users\86131\onedrive - swjtu.edu.cn\code\01 开源代码项目\greedy 算法\greedy-for-visual studio 2022\greedy\source\tna\tna\release\stdafx.obj
c:\users\86131\onedrive - swjtu.edu.cn\code\01 开源代码项目\greedy 算法\greedy-for-visual studio 2022\greedy\source\tna\tna\release\tnm_utility.obj
c:\users\86131\onedrive - swjtu.edu.cn\code\01 开源代码项目\greedy 算法\greedy-for-visual studio 2022\greedy\source\tna\tna\release\tnm_net.obj
c:\users\86131\onedrive - swjtu.edu.cn\code\01 开源代码项目\greedy 算法\greedy-for-visual studio 2022\greedy\source\tna\tna\release\tnm_enumio.obj
c:\users\86131\onedrive - swjtu.edu.cn\code\01 开源代码项目\greedy 算法\greedy-for-visual studio 2022\greedy\source\tna\tna\release\tnm_algorithm.obj
c:\users\86131\onedrive - swjtu.edu.cn\code\01 开源代码项目\greedy 算法\greedy-for-visual studio 2022\greedy\source\tna\tna\release\tnm.obj
c:\users\86131\onedrive - swjtu.edu.cn\code\01 开源代码项目\greedy 算法\greedy-for-visual studio 2022\greedy\source\tna\tna\release\tna.tlog\cl.command.1.tlog
c:\users\86131\onedrive - swjtu.edu.cn\code\01 开源代码项目\greedy 算法\greedy-for-visual studio 2022\greedy\source\tna\tna\release\tna.tlog\cl.read.1.tlog
c:\users\86131\onedrive - swjtu.edu.cn\code\01 开源代码项目\greedy 算法\greedy-for-visual studio 2022\greedy\source\tna\tna\release\tna.tlog\cl.write.1.tlog
c:\users\86131\onedrive - swjtu.edu.cn\code\01 开源代码项目\greedy 算法\greedy-for-visual studio 2022\greedy\source\tna\tna\release\tna.tlog\link-cvtres.read.1.tlog
c:\users\86131\onedrive - swjtu.edu.cn\code\01 开源代码项目\greedy 算法\greedy-for-visual studio 2022\greedy\source\tna\tna\release\tna.tlog\link-cvtres.write.1.tlog
c:\users\86131\onedrive - swjtu.edu.cn\code\01 开源代码项目\greedy 算法\greedy-for-visual studio 2022\greedy\source\tna\tna\release\tna.tlog\link-rc.read.1.tlog
c:\users\86131\onedrive - swjtu.edu.cn\code\01 开源代码项目\greedy 算法\greedy-for-visual studio 2022\greedy\source\tna\tna\release\tna.tlog\link-rc.write.1.tlog
c:\users\86131\onedrive - swjtu.edu.cn\code\01 开源代码项目\greedy 算法\greedy-for-visual studio 2022\greedy\source\tna\tna\release\tna.tlog\link.command.1.tlog
c:\users\86131\onedrive - swjtu.edu.cn\code\01 开源代码项目\greedy 算法\greedy-for-visual studio 2022\greedy\source\tna\tna\release\tna.tlog\link.read.1.tlog
c:\users\86131\onedrive - swjtu.edu.cn\code\01 开源代码项目\greedy 算法\greedy-for-visual studio 2022\greedy\source\tna\tna\release\tna.tlog\link.read.2.tlog
c:\users\86131\onedrive - swjtu.edu.cn\code\01 开源代码项目\greedy 算法\greedy-for-visual studio 2022\greedy\source\tna\tna\release\tna.tlog\link.read.3.tlog
c:\users\86131\onedrive - swjtu.edu.cn\code\01 开源代码项目\greedy 算法\greedy-for-visual studio 2022\greedy\source\tna\tna\release\tna.tlog\link.read.4.tlog
c:\users\86131\onedrive - swjtu.edu.cn\code\01 开源代码项目\greedy 算法\greedy-for-visual studio 2022\greedy\source\tna\tna\release\tna.tlog\link.write.1.tlog
