C:\USERS\82212\DESKTOP\BCBP\SOURCE\TNA\TNA\RELEASE\TNA_X64.PCH
C:\USERS\82212\DESKTOP\BCBP\SOURCE\TNA\TNA\RELEASE\STDAFX.OBJ
C:\USERS\82212\DESKTOP\BCBP\SOURCE\TNA\TNA\RELEASE\VC110.PDB
C:\USERS\82212\DESKTOP\BCBP\SOURCE\TNA\TNA\RELEASE\TNM_UTILITY.OBJ
C:\USERS\82212\DESKTOP\BCBP\SOURCE\TNA\TNA\RELEASE\TNM_NET.OBJ
C:\USERS\82212\DESKTOP\BCBP\SOURCE\TNA\TNA\RELEASE\TNM_ENUMIO.OBJ
C:\USERS\82212\DESKTOP\BCBP\SOURCE\TNA\TNA\RELEASE\TNM_ALGORITHM.OBJ
C:\USERS\82212\DESKTOP\BCBP\SOURCE\TNA\TNA\RELEASE\TNM.OBJ
C:\USERS\82212\DESKTOP\BCBP\BIN\X64\TNM_X64.DLL
C:\USERS\82212\DESKTOP\BCBP\BIN\X64\TNA_X64.PDB
C:\Users\82212\Desktop\BCBP\bin\x64\TNA_x64.lib
C:\Users\82212\Desktop\BCBP\bin\x64\TNA_x64.exp
C:\Users\82212\Desktop\BCBP\Source\TNA\TNA\Release\stdafx.obj
C:\Users\82212\Desktop\BCBP\Source\TNA\TNA\Release\TNM.obj
C:\Users\82212\Desktop\BCBP\Source\TNA\TNA\Release\TNM_Algorithm.obj
C:\Users\82212\Desktop\BCBP\Source\TNA\TNA\Release\TNM_EnumIO.obj
C:\Users\82212\Desktop\BCBP\Source\TNA\TNA\Release\TNM_Net.obj
C:\Users\82212\Desktop\BCBP\Source\TNA\TNA\Release\TNM_utility.obj
C:\Users\82212\Desktop\BCBP\Source\TNA\TNA\Release\cl.command.1.tlog
C:\Users\82212\Desktop\BCBP\Source\TNA\TNA\Release\CL.read.1.tlog
C:\Users\82212\Desktop\BCBP\Source\TNA\TNA\Release\CL.write.1.tlog
C:\Users\82212\Desktop\BCBP\Source\TNA\TNA\Release\link-cvtres.read.1.tlog
C:\Users\82212\Desktop\BCBP\Source\TNA\TNA\Release\link-cvtres.write.1.tlog
C:\Users\82212\Desktop\BCBP\Source\TNA\TNA\Release\link-rc.read.1.tlog
C:\Users\82212\Desktop\BCBP\Source\TNA\TNA\Release\link-rc.write.1.tlog
C:\Users\82212\Desktop\BCBP\Source\TNA\TNA\Release\link.command.1.tlog
C:\Users\82212\Desktop\BCBP\Source\TNA\TNA\Release\link.read.1.tlog
C:\Users\82212\Desktop\BCBP\Source\TNA\TNA\Release\link.write.1.tlog
C:\Users\82212\Desktop\BCBP\Source\TNA\TNA\Release\TNA.write.1.tlog
C:\Users\82212\Desktop\BCBP\Source\TNA\TNA\Release\TNA_x64.pch
C:\Users\82212\Desktop\BCBP\Source\TNA\TNA\Release\vc110.pdb
