生成启动时间为 2022/12/9 12:26:19。
     1>项目“F:\TNM\C-BiTA1-1.0\C-BiTA1\Source\DllProj\trafficNet\trafficNet.vcxproj”在节点 2 上(Rebuild 个目标)。
     1>ClCompile:
         F:\vs2012\VC\bin\CL.exe /c /ZI /nologo /W3 /WX- /Od /Oy- /D _MBCS /Gm /EHsc /RTC1 /MDd /GS /fp:precise /Zc:wchar_t /Zc:forScope /Fo"Debug\\" /Fd"Debug\vc110.pdb" /Gd /TP /analyze- /errorReport:prompt stdafx.cpp TNM.cpp TNM_Algorithm.cpp TNM_EnumIO.cpp TNM_Net.cpp TNM_utility.cpp
         TNM_utility.cpp
     1>f:\tnm\c-bita1-1.0\c-bita1\source\dllproj\trafficnet\tnm.h(21): fatal error C1083: 无法打开包括文件:“mysql++.h”: No such file or directory
         TNM_Net.cpp
     1>f:\tnm\c-bita1-1.0\c-bita1\source\dllproj\trafficnet\tnm.h(21): fatal error C1083: 无法打开包括文件:“mysql++.h”: No such file or directory
         TNM_EnumIO.cpp
     1>f:\tnm\c-bita1-1.0\c-bita1\source\dllproj\trafficnet\tnm.h(21): fatal error C1083: 无法打开包括文件:“mysql++.h”: No such file or directory
         TNM_Algorithm.cpp
     1>f:\tnm\c-bita1-1.0\c-bita1\source\dllproj\trafficnet\tnm.h(21): fatal error C1083: 无法打开包括文件:“mysql++.h”: No such file or directory
         TNM.cpp
     1>f:\tnm\c-bita1-1.0\c-bita1\source\dllproj\trafficnet\tnm.h(21): fatal error C1083: 无法打开包括文件:“mysql++.h”: No such file or directory
         stdafx.cpp
     1>f:\tnm\c-bita1-1.0\c-bita1\source\dllproj\trafficnet\tnm.h(21): fatal error C1083: 无法打开包括文件:“mysql++.h”: No such file or directory
         正在生成代码...
     1>已完成生成项目“F:\TNM\C-BiTA1-1.0\C-BiTA1\Source\DllProj\trafficNet\trafficNet.vcxproj”(Rebuild 个目标)的操作 - 失败。

生成失败。

已用时间 00:00:01.66
