E:\TNA\ASSIGNMENT_C\SZPROJ\SOURCE\DLLPROJ\TRAFFICNET\X64\RELEASE\TNM_UTILITY.OBJ
E:\TNA\ASSIGNMENT_C\SZPROJ\SOURCE\DLLPROJ\TRAFFICNET\X64\RELEASE\TNM_NET.OBJ
E:\TNA\ASSIGNMENT_C\SZPROJ\SOURCE\DLLPROJ\TRAFFICNET\X64\RELEASE\TNM_ENUMIO.OBJ
E:\TNA\ASSIGNMENT_C\SZPROJ\SOURCE\DLLPROJ\TRAFFICNET\X64\RELEASE\TNM_ALGORITHM.OBJ
E:\TNA\ASSIGNMENT_C\SZPROJ\SOURCE\DLLPROJ\TRAFFICNET\X64\RELEASE\TNM.OBJ
E:\TNA\ASSIGNMENT_C\SZPROJ\SOURCE\DLLPROJ\TRAFFICNET\X64\RELEASE\STDAFX.OBJ
E:\TNA\ASSIGNMENT_C\SZPROJ\SOURCE\DLLPROJ\TRAFFICNET\X64\RELEASE\VC110.PDB
E:\TNA\ASSIGNMENT_C\SZPROJ\BIN\X64\TNM_X64.DLL
E:\TNA\Assignment_C\SZProj\lib\x64\trafficNet_x64.lib
E:\TNA\Assignment_C\SZProj\lib\x64\trafficNet_x64.exp
E:\TNA\Assignment_C\SZProj\Source\DllProj\trafficNet\x64\Release\stdafx.obj
E:\TNA\Assignment_C\SZProj\Source\DllProj\trafficNet\x64\Release\TNM.obj
E:\TNA\Assignment_C\SZProj\Source\DllProj\trafficNet\x64\Release\TNM_Algorithm.obj
E:\TNA\Assignment_C\SZProj\Source\DllProj\trafficNet\x64\Release\TNM_EnumIO.obj
E:\TNA\Assignment_C\SZProj\Source\DllProj\trafficNet\x64\Release\TNM_Net.obj
E:\TNA\Assignment_C\SZProj\Source\DllProj\trafficNet\x64\Release\TNM_utility.obj
E:\TNA\Assignment_C\SZProj\Source\DllProj\trafficNet\x64\Release\cl.command.1.tlog
E:\TNA\Assignment_C\SZProj\Source\DllProj\trafficNet\x64\Release\CL.read.1.tlog
E:\TNA\Assignment_C\SZProj\Source\DllProj\trafficNet\x64\Release\CL.write.1.tlog
E:\TNA\Assignment_C\SZProj\Source\DllProj\trafficNet\x64\Release\link-cvtres.read.1.tlog
E:\TNA\Assignment_C\SZProj\Source\DllProj\trafficNet\x64\Release\link-cvtres.write.1.tlog
E:\TNA\Assignment_C\SZProj\Source\DllProj\trafficNet\x64\Release\link-rc.read.1.tlog
E:\TNA\Assignment_C\SZProj\Source\DllProj\trafficNet\x64\Release\link-rc.write.1.tlog
E:\TNA\Assignment_C\SZProj\Source\DllProj\trafficNet\x64\Release\link.command.1.tlog
E:\TNA\Assignment_C\SZProj\Source\DllProj\trafficNet\x64\Release\link.read.1.tlog
E:\TNA\Assignment_C\SZProj\Source\DllProj\trafficNet\x64\Release\link.write.1.tlog
E:\TNA\Assignment_C\SZProj\Source\DllProj\trafficNet\x64\Release\trafficNet.write.1.tlog
E:\TNA\Assignment_C\SZProj\Source\DllProj\trafficNet\x64\Release\vc110.pdb
