D:\桌面\OPEN-TNM-MAIN\GREEDY\SOURCE\TNA\TNA\RELEASE\TNA_X64.PCH
D:\桌面\OPEN-TNM-MAIN\GREEDY\SOURCE\TNA\TNA\RELEASE\STDAFX.OBJ
D:\桌面\OPEN-TNM-MAIN\GREEDY\SOURCE\TNA\TNA\RELEASE\VC110.PDB
D:\桌面\OPEN-TNM-MAIN\GREEDY\SOURCE\TNA\TNA\RELEASE\TNM_UTILITY.OBJ
D:\桌面\OPEN-TNM-MAIN\GREEDY\SOURCE\TNA\TNA\RELEASE\TNM_NET.OBJ
D:\桌面\OPEN-TNM-MAIN\GREEDY\SOURCE\TNA\TNA\RELEASE\TNM_ENUMIO.OBJ
D:\桌面\OPEN-TNM-MAIN\GREEDY\SOURCE\TNA\TNA\RELEASE\TNM_ALGORITHM.OBJ
D:\桌面\OPEN-TNM-MAIN\GREEDY\SOURCE\TNA\TNA\RELEASE\TNM.OBJ
D:\桌面\Open-TNM-main\Greedy\bin\x64\TNA_x64.lib
D:\桌面\Open-TNM-main\Greedy\bin\x64\TNA_x64.exp
D:\桌面\Open-TNM-main\Greedy\Source\TNA\TNA\Release\stdafx.obj
D:\桌面\Open-TNM-main\Greedy\Source\TNA\TNA\Release\TNM.obj
D:\桌面\Open-TNM-main\Greedy\Source\TNA\TNA\Release\TNM_Algorithm.obj
D:\桌面\Open-TNM-main\Greedy\Source\TNA\TNA\Release\TNM_EnumIO.obj
D:\桌面\Open-TNM-main\Greedy\Source\TNA\TNA\Release\TNM_Net.obj
D:\桌面\Open-TNM-main\Greedy\Source\TNA\TNA\Release\TNM_utility.obj
D:\桌面\Open-TNM-main\Greedy\Source\TNA\TNA\Release\cl.command.1.tlog
D:\桌面\Open-TNM-main\Greedy\Source\TNA\TNA\Release\CL.read.1.tlog
D:\桌面\Open-TNM-main\Greedy\Source\TNA\TNA\Release\CL.write.1.tlog
D:\桌面\Open-TNM-main\Greedy\Source\TNA\TNA\Release\link-cvtres.read.1.tlog
D:\桌面\Open-TNM-main\Greedy\Source\TNA\TNA\Release\link-cvtres.write.1.tlog
D:\桌面\Open-TNM-main\Greedy\Source\TNA\TNA\Release\link-rc.read.1.tlog
D:\桌面\Open-TNM-main\Greedy\Source\TNA\TNA\Release\link-rc.write.1.tlog
D:\桌面\Open-TNM-main\Greedy\Source\TNA\TNA\Release\link.command.1.tlog
D:\桌面\Open-TNM-main\Greedy\Source\TNA\TNA\Release\link.read.1.tlog
D:\桌面\Open-TNM-main\Greedy\Source\TNA\TNA\Release\link.write.1.tlog
D:\桌面\Open-TNM-main\Greedy\Source\TNA\TNA\Release\TNA.write.1.tlog
D:\桌面\Open-TNM-main\Greedy\Source\TNA\TNA\Release\TNA_x64.pch
D:\桌面\Open-TNM-main\Greedy\Source\TNA\TNA\Release\vc110.pdb
